[0m04:14:36.833043 [debug] [MainThread]: Sending event: {'category': 'dbt', 'action': 'invocation', 'label': 'start', 'context': [<snowplow_tracker.self_describing_json.SelfDescribingJson object at 0x7f46aadf7a60>, <snowplow_tracker.self_describing_json.SelfDescribingJson object at 0x7f46a951b790>, <snowplow_tracker.self_describing_json.SelfDescribingJson object at 0x7f46a951b6a0>]}


============================== 04:14:36.845739 | 943c0c5a-5898-4ec7-9ce7-7592acff3c52 ==============================
[0m04:14:36.845739 [info ] [MainThread]: Running with dbt=1.11.2
[0m04:14:36.849369 [debug] [MainThread]: running dbt with arguments {'profiles_dir': '/opt/airflow/.dbt', 'partial_parse': 'True', 'use_colors': 'True', 'introspect': 'True', 'target_path': 'None', 'fail_fast': 'False', 'empty': 'None', 'warn_error': 'None', 'write_json': 'True', 'static_parser': 'True', 'log_format': 'default', 'warn_error_options': 'WarnErrorOptionsV2(error=[], warn=[], silence=[])', 'cache_selected_only': 'False', 'quiet': 'False', 'no_print': 'None', 'use_experimental_parser': 'False', 'invocation_command': 'dbt seed --profiles-dir /opt/airflow/.dbt', 'indirect_selection': 'eager', 'log_path': '/opt/airflow/dbt_project/logs', 'log_cache_events': 'False', 'debug': 'False', 'version_check': 'True', 'send_anonymous_usage_stats': 'True', 'printer_width': '80'}
[0m04:14:37.219002 [debug] [MainThread]: Sending event: {'category': 'dbt', 'action': 'project_id', 'label': '943c0c5a-5898-4ec7-9ce7-7592acff3c52', 'context': [<snowplow_tracker.self_describing_json.SelfDescribingJson object at 0x7f46a94bdd20>]}
[0m04:14:37.302062 [debug] [MainThread]: Sending event: {'category': 'dbt', 'action': 'adapter_info', 'label': '943c0c5a-5898-4ec7-9ce7-7592acff3c52', 'context': [<snowplow_tracker.self_describing_json.SelfDescribingJson object at 0x7f46ac5a1450>]}
[0m04:14:37.305992 [info ] [MainThread]: Registered adapter: postgres=1.10.0
[0m04:14:37.389200 [debug] [MainThread]: checksum: 3d40d8bbe1bef07db1c24822f2dbfff8bc07f2a48ed4fe2658a40653aec0b54b, vars: {}, profile: , target: , version: 1.11.2
[0m04:14:37.398793 [info ] [MainThread]: Unable to do partial parsing because saved manifest not found. Starting full parse.
[0m04:14:37.401080 [debug] [MainThread]: Sending event: {'category': 'dbt', 'action': 'partial_parser', 'label': '943c0c5a-5898-4ec7-9ce7-7592acff3c52', 'context': [<snowplow_tracker.self_describing_json.SelfDescribingJson object at 0x7f46a8137c10>]}
[0m04:14:39.080543 [debug] [MainThread]: Sending event: {'category': 'dbt', 'action': 'load_project', 'label': '943c0c5a-5898-4ec7-9ce7-7592acff3c52', 'context': [<snowplow_tracker.self_describing_json.SelfDescribingJson object at 0x7f46a515a2c0>]}
[0m04:14:39.262281 [debug] [MainThread]: Wrote artifact WritableManifest to /opt/airflow/dbt_project/target/manifest.json
[0m04:14:39.283438 [debug] [MainThread]: Wrote artifact SemanticManifest to /opt/airflow/dbt_project/target/semantic_manifest.json
[0m04:14:39.336687 [debug] [MainThread]: Sending event: {'category': 'dbt', 'action': 'resource_counts', 'label': '943c0c5a-5898-4ec7-9ce7-7592acff3c52', 'context': [<snowplow_tracker.self_describing_json.SelfDescribingJson object at 0x7f46a4f56080>]}
[0m04:14:39.339646 [info ] [MainThread]: Found 3 models, 1 seed, 463 macros
[0m04:14:39.342682 [debug] [MainThread]: Sending event: {'category': 'dbt', 'action': 'runnable_timing', 'label': '943c0c5a-5898-4ec7-9ce7-7592acff3c52', 'context': [<snowplow_tracker.self_describing_json.SelfDescribingJson object at 0x7f46a50a7340>]}
[0m04:14:39.347712 [info ] [MainThread]: 
[0m04:14:39.352524 [info ] [MainThread]: Concurrency: 4 threads (target='dev')
[0m04:14:39.355801 [info ] [MainThread]: 
[0m04:14:39.358978 [debug] [MainThread]: Acquiring new postgres connection 'master'
[0m04:14:39.363670 [debug] [ThreadPool]: Acquiring new postgres connection 'list_retail_db'
[0m04:14:39.410078 [debug] [ThreadPool]: Using postgres connection "list_retail_db"
[0m04:14:39.412559 [debug] [ThreadPool]: On list_retail_db: /* {"app": "dbt", "dbt_version": "1.11.2", "profile_name": "retail_dbt", "target_name": "dev", "connection_name": "list_retail_db"} */

    select distinct nspname from pg_namespace
  
[0m04:14:39.415857 [debug] [ThreadPool]: Opening a new connection, currently in state init
[0m04:14:39.423379 [debug] [ThreadPool]: SQL status: SELECT 4 in 0.008 seconds
[0m04:14:39.426886 [debug] [ThreadPool]: On list_retail_db: Close
[0m04:14:39.430741 [debug] [ThreadPool]: Re-using an available connection from the pool (formerly list_retail_db, now create_retail_db_raw)
[0m04:14:39.434254 [debug] [ThreadPool]: Creating schema "database: "retail_db"
schema: "raw"
"
[0m04:14:39.517788 [debug] [ThreadPool]: Using postgres connection "create_retail_db_raw"
[0m04:14:39.520577 [debug] [ThreadPool]: On create_retail_db_raw: /* {"app": "dbt", "dbt_version": "1.11.2", "profile_name": "retail_dbt", "target_name": "dev", "connection_name": "create_retail_db_raw"} */
create schema if not exists "raw"
[0m04:14:39.522954 [debug] [ThreadPool]: Opening a new connection, currently in state closed
[0m04:14:39.528803 [debug] [ThreadPool]: SQL status: CREATE SCHEMA in 0.006 seconds
[0m04:14:39.532443 [debug] [ThreadPool]: On create_retail_db_raw: COMMIT
[0m04:14:39.534569 [debug] [ThreadPool]: Using postgres connection "create_retail_db_raw"
[0m04:14:39.537002 [debug] [ThreadPool]: On create_retail_db_raw: COMMIT
[0m04:14:39.542124 [debug] [ThreadPool]: SQL status: COMMIT in 0.003 seconds
[0m04:14:39.544229 [debug] [ThreadPool]: On create_retail_db_raw: Close
[0m04:14:39.555483 [debug] [ThreadPool]: Re-using an available connection from the pool (formerly create_retail_db_raw, now list_retail_db_raw)
[0m04:14:39.558845 [debug] [ThreadPool]: Acquiring new postgres connection 'list_retail_db_raw_core'
[0m04:14:39.560844 [debug] [ThreadPool]: Acquiring new postgres connection 'list_retail_db_raw_raw'
[0m04:14:39.575019 [debug] [ThreadPool]: Using postgres connection "list_retail_db_raw"
[0m04:14:39.580226 [debug] [ThreadPool]: Using postgres connection "list_retail_db_raw_core"
[0m04:14:39.588914 [debug] [ThreadPool]: Using postgres connection "list_retail_db_raw_raw"
[0m04:14:39.592644 [debug] [ThreadPool]: On list_retail_db_raw: /* {"app": "dbt", "dbt_version": "1.11.2", "profile_name": "retail_dbt", "target_name": "dev", "connection_name": "list_retail_db_raw"} */
select
      'retail_db' as database,
      tablename as name,
      schemaname as schema,
      'table' as type
    from pg_tables
    where schemaname ilike 'raw'
    union all
    select
      'retail_db' as database,
      viewname as name,
      schemaname as schema,
      'view' as type
    from pg_views
    where schemaname ilike 'raw'
    union all
    select
      'retail_db' as database,
      matviewname as name,
      schemaname as schema,
      'materialized_view' as type
    from pg_matviews
    where schemaname ilike 'raw'
  
[0m04:14:39.597145 [debug] [ThreadPool]: On list_retail_db_raw_core: /* {"app": "dbt", "dbt_version": "1.11.2", "profile_name": "retail_dbt", "target_name": "dev", "connection_name": "list_retail_db_raw_core"} */
select
      'retail_db' as database,
      tablename as name,
      schemaname as schema,
      'table' as type
    from pg_tables
    where schemaname ilike 'raw_core'
    union all
    select
      'retail_db' as database,
      viewname as name,
      schemaname as schema,
      'view' as type
    from pg_views
    where schemaname ilike 'raw_core'
    union all
    select
      'retail_db' as database,
      matviewname as name,
      schemaname as schema,
      'materialized_view' as type
    from pg_matviews
    where schemaname ilike 'raw_core'
  
[0m04:14:39.601138 [debug] [ThreadPool]: On list_retail_db_raw_raw: /* {"app": "dbt", "dbt_version": "1.11.2", "profile_name": "retail_dbt", "target_name": "dev", "connection_name": "list_retail_db_raw_raw"} */
select
      'retail_db' as database,
      tablename as name,
      schemaname as schema,
      'table' as type
    from pg_tables
    where schemaname ilike 'raw_raw'
    union all
    select
      'retail_db' as database,
      viewname as name,
      schemaname as schema,
      'view' as type
    from pg_views
    where schemaname ilike 'raw_raw'
    union all
    select
      'retail_db' as database,
      matviewname as name,
      schemaname as schema,
      'materialized_view' as type
    from pg_matviews
    where schemaname ilike 'raw_raw'
  
[0m04:14:39.604811 [debug] [ThreadPool]: Opening a new connection, currently in state closed
[0m04:14:39.608261 [debug] [ThreadPool]: Opening a new connection, currently in state init
[0m04:14:39.612149 [debug] [ThreadPool]: Opening a new connection, currently in state init
[0m04:14:39.627990 [debug] [ThreadPool]: SQL status: SELECT 0 in 0.023 seconds
[0m04:14:39.629051 [debug] [ThreadPool]: SQL status: SELECT 0 in 0.021 seconds
[0m04:14:39.630780 [debug] [ThreadPool]: SQL status: SELECT 0 in 0.019 seconds
[0m04:14:39.635212 [debug] [ThreadPool]: On list_retail_db_raw: ROLLBACK
[0m04:14:39.641376 [debug] [ThreadPool]: On list_retail_db_raw_core: ROLLBACK
[0m04:14:39.647010 [debug] [ThreadPool]: On list_retail_db_raw_raw: ROLLBACK
[0m04:14:39.651437 [debug] [ThreadPool]: On list_retail_db_raw: Close
[0m04:14:39.654758 [debug] [ThreadPool]: On list_retail_db_raw_core: Close
[0m04:14:39.658022 [debug] [ThreadPool]: On list_retail_db_raw_raw: Close
[0m04:14:39.675660 [debug] [MainThread]: Using postgres connection "master"
[0m04:14:39.679799 [debug] [MainThread]: On master: /* {"app": "dbt", "dbt_version": "1.11.2", "profile_name": "retail_dbt", "target_name": "dev", "connection_name": "master"} */
select distinct
        dependent_namespace.nspname as dependent_schema,
        dependent_class.relname as dependent_name,
        referenced_namespace.nspname as referenced_schema,
        referenced_class.relname as referenced_name

    -- Query for views: views are entries in pg_class with an entry in pg_rewrite, but we avoid
    -- a seq scan on pg_rewrite by leveraging the fact there is an "internal" row in pg_depend for
    -- the view...
    from pg_class as dependent_class
    join pg_namespace as dependent_namespace on dependent_namespace.oid = dependent_class.relnamespace
    join pg_depend as dependent_depend on dependent_depend.refobjid = dependent_class.oid
        and dependent_depend.classid = 'pg_rewrite'::regclass
        and dependent_depend.refclassid = 'pg_class'::regclass
        and dependent_depend.deptype = 'i'

    -- ... and via pg_depend (that has a row per column, hence the need for "distinct" above, and
    -- making sure to exclude the internal row to avoid a view appearing to depend on itself)...
    join pg_depend as joining_depend on joining_depend.objid = dependent_depend.objid
        and joining_depend.classid = 'pg_rewrite'::regclass
        and joining_depend.refclassid = 'pg_class'::regclass
        and joining_depend.refobjid != dependent_depend.refobjid

    -- ... we can find the tables they query from in pg_class, but excluding system tables. Note we
    -- don't need need to exclude _dependent_ system tables, because they only query from other
    -- system tables, and so are automatically excluded by excluding _referenced_ system tables
    join pg_class as referenced_class on referenced_class.oid = joining_depend.refobjid
    join pg_namespace as referenced_namespace on referenced_namespace.oid = referenced_class.relnamespace
        and referenced_namespace.nspname != 'information_schema'
        and referenced_namespace.nspname not like 'pg\_%'

    order by
        dependent_schema, dependent_name, referenced_schema, referenced_name;
[0m04:14:39.683560 [debug] [MainThread]: Opening a new connection, currently in state init
[0m04:14:39.697171 [debug] [MainThread]: SQL status: SELECT 0 in 0.014 seconds
[0m04:14:39.702754 [debug] [MainThread]: Sending event: {'category': 'dbt', 'action': 'runnable_timing', 'label': '943c0c5a-5898-4ec7-9ce7-7592acff3c52', 'context': [<snowplow_tracker.self_describing_json.SelfDescribingJson object at 0x7f46ac31da50>]}
[0m04:14:39.707079 [debug] [MainThread]: On master: ROLLBACK
[0m04:14:39.711491 [debug] [MainThread]: On master: COMMIT
[0m04:14:39.715215 [debug] [MainThread]: Using postgres connection "master"
[0m04:14:39.718899 [debug] [MainThread]: On master: COMMIT
[0m04:14:39.722803 [debug] [MainThread]: SQL status: COMMIT in 0.000 seconds
[0m04:14:39.726077 [debug] [MainThread]: On master: Close
[0m04:14:39.738877 [debug] [Thread-1 (]: Began running node seed.retail_dbt_project.online_retail_II
[0m04:14:39.743063 [info ] [Thread-1 (]: 1 of 1 START seed file raw.online_retail_II .................................... [RUN]
[0m04:14:39.747115 [debug] [Thread-1 (]: Re-using an available connection from the pool (formerly list_retail_db_raw_raw, now seed.retail_dbt_project.online_retail_II)
[0m04:14:39.750968 [debug] [Thread-1 (]: Began compiling node seed.retail_dbt_project.online_retail_II
[0m04:14:39.754985 [debug] [Thread-1 (]: Began executing node seed.retail_dbt_project.online_retail_II
[0m04:14:59.838498 [debug] [MainThread]: Sending event: {'category': 'dbt', 'action': 'invocation', 'label': 'start', 'context': [<snowplow_tracker.self_describing_json.SelfDescribingJson object at 0x7f7f91d3bc40>, <snowplow_tracker.self_describing_json.SelfDescribingJson object at 0x7f7f90494f40>, <snowplow_tracker.self_describing_json.SelfDescribingJson object at 0x7f7f90494ee0>]}


============================== 04:14:59.847127 | 17e58317-7aba-447f-a28c-1e2fcc70becf ==============================
[0m04:14:59.847127 [info ] [MainThread]: Running with dbt=1.11.2
[0m04:14:59.850097 [debug] [MainThread]: running dbt with arguments {'target_path': 'None', 'write_json': 'True', 'log_path': '/opt/airflow/dbt_project/logs', 'no_print': 'None', 'send_anonymous_usage_stats': 'True', 'partial_parse': 'True', 'quiet': 'False', 'use_experimental_parser': 'False', 'warn_error_options': 'WarnErrorOptionsV2(error=[], warn=[], silence=[])', 'warn_error': 'None', 'debug': 'False', 'invocation_command': 'dbt seed --profiles-dir /opt/airflow/.dbt', 'indirect_selection': 'eager', 'use_colors': 'True', 'fail_fast': 'False', 'log_cache_events': 'False', 'version_check': 'True', 'empty': 'None', 'introspect': 'True', 'log_format': 'default', 'static_parser': 'True', 'cache_selected_only': 'False', 'printer_width': '80', 'profiles_dir': '/opt/airflow/.dbt'}
[0m04:14:59.974577 [debug] [Thread-1 (]: Using postgres connection "seed.retail_dbt_project.online_retail_II"
[0m04:14:59.977545 [debug] [Thread-1 (]: On seed.retail_dbt_project.online_retail_II: /* {"app": "dbt", "dbt_version": "1.11.2", "profile_name": "retail_dbt", "target_name": "dev", "node_id": "seed.retail_dbt_project.online_retail_II"} */

    create table "retail_db"."raw"."online_retail_II" ("Invoice" text,"StockCode" text,"Description" text,"Quantity" integer,"InvoiceDate" text,"Price" float8,"Customer ID" integer,"Country" text)
  
[0m04:14:59.980354 [debug] [Thread-1 (]: Opening a new connection, currently in state closed
[0m04:14:59.991847 [debug] [Thread-1 (]: SQL status: CREATE TABLE in 0.011 seconds
[0m04:15:00.160660 [debug] [MainThread]: Sending event: {'category': 'dbt', 'action': 'project_id', 'label': '17e58317-7aba-447f-a28c-1e2fcc70becf', 'context': [<snowplow_tracker.self_describing_json.SelfDescribingJson object at 0x7f7f90495ea0>]}
[0m04:15:00.250361 [debug] [MainThread]: Sending event: {'category': 'dbt', 'action': 'adapter_info', 'label': '17e58317-7aba-447f-a28c-1e2fcc70becf', 'context': [<snowplow_tracker.self_describing_json.SelfDescribingJson object at 0x7f7f904eb640>]}
[0m04:15:00.253621 [info ] [MainThread]: Registered adapter: postgres=1.10.0
[0m04:15:00.342164 [debug] [MainThread]: checksum: 3d40d8bbe1bef07db1c24822f2dbfff8bc07f2a48ed4fe2658a40653aec0b54b, vars: {}, profile: , target: , version: 1.11.2
[0m04:15:00.682311 [debug] [MainThread]: Partial parsing enabled: 0 files deleted, 0 files added, 0 files changed.
[0m04:15:00.684913 [debug] [MainThread]: Nothing changed, skipping partial parsing.
[0m04:15:00.687223 [debug] [MainThread]: Partial parsing enabled, no changes found, skipping parsing
[0m04:15:00.749013 [debug] [MainThread]: Sending event: {'category': 'dbt', 'action': 'load_project', 'label': '17e58317-7aba-447f-a28c-1e2fcc70becf', 'context': [<snowplow_tracker.self_describing_json.SelfDescribingJson object at 0x7f7f8e755e40>]}
[0m04:15:00.945433 [debug] [MainThread]: Wrote artifact WritableManifest to /opt/airflow/dbt_project/target/manifest.json
[0m04:15:00.958271 [debug] [MainThread]: Wrote artifact SemanticManifest to /opt/airflow/dbt_project/target/semantic_manifest.json
[0m04:15:00.992756 [debug] [MainThread]: Sending event: {'category': 'dbt', 'action': 'resource_counts', 'label': '17e58317-7aba-447f-a28c-1e2fcc70becf', 'context': [<snowplow_tracker.self_describing_json.SelfDescribingJson object at 0x7f7f90495c00>]}
[0m04:15:00.994942 [info ] [MainThread]: Found 3 models, 1 seed, 463 macros
[0m04:15:00.996913 [debug] [MainThread]: Sending event: {'category': 'dbt', 'action': 'runnable_timing', 'label': '17e58317-7aba-447f-a28c-1e2fcc70becf', 'context': [<snowplow_tracker.self_describing_json.SelfDescribingJson object at 0x7f7f92e00a30>]}
[0m04:15:01.000602 [info ] [MainThread]: 
[0m04:15:01.004131 [info ] [MainThread]: Concurrency: 4 threads (target='dev')
[0m04:15:01.006634 [info ] [MainThread]: 
[0m04:15:01.009307 [debug] [MainThread]: Acquiring new postgres connection 'master'
[0m04:15:01.013967 [debug] [ThreadPool]: Acquiring new postgres connection 'list_retail_db'
[0m04:15:01.053185 [debug] [ThreadPool]: Using postgres connection "list_retail_db"
[0m04:15:01.056304 [debug] [ThreadPool]: On list_retail_db: /* {"app": "dbt", "dbt_version": "1.11.2", "profile_name": "retail_dbt", "target_name": "dev", "connection_name": "list_retail_db"} */

    select distinct nspname from pg_namespace
  
[0m04:15:01.059117 [debug] [ThreadPool]: Opening a new connection, currently in state init
[0m04:15:01.067356 [debug] [ThreadPool]: SQL status: SELECT 5 in 0.008 seconds
[0m04:15:01.071145 [debug] [ThreadPool]: On list_retail_db: Close
[0m04:15:01.079853 [debug] [ThreadPool]: Re-using an available connection from the pool (formerly list_retail_db, now list_retail_db_raw_core)
[0m04:15:01.081350 [debug] [ThreadPool]: Acquiring new postgres connection 'list_retail_db_raw'
[0m04:15:01.082727 [debug] [ThreadPool]: Acquiring new postgres connection 'list_retail_db_raw_raw'
[0m04:15:01.091501 [debug] [ThreadPool]: Using postgres connection "list_retail_db_raw_core"
[0m04:15:01.096009 [debug] [ThreadPool]: Using postgres connection "list_retail_db_raw"
[0m04:15:01.100839 [debug] [ThreadPool]: Using postgres connection "list_retail_db_raw_raw"
[0m04:15:01.103188 [debug] [ThreadPool]: On list_retail_db_raw_core: /* {"app": "dbt", "dbt_version": "1.11.2", "profile_name": "retail_dbt", "target_name": "dev", "connection_name": "list_retail_db_raw_core"} */
select
      'retail_db' as database,
      tablename as name,
      schemaname as schema,
      'table' as type
    from pg_tables
    where schemaname ilike 'raw_core'
    union all
    select
      'retail_db' as database,
      viewname as name,
      schemaname as schema,
      'view' as type
    from pg_views
    where schemaname ilike 'raw_core'
    union all
    select
      'retail_db' as database,
      matviewname as name,
      schemaname as schema,
      'materialized_view' as type
    from pg_matviews
    where schemaname ilike 'raw_core'
  
[0m04:15:01.105922 [debug] [ThreadPool]: On list_retail_db_raw: /* {"app": "dbt", "dbt_version": "1.11.2", "profile_name": "retail_dbt", "target_name": "dev", "connection_name": "list_retail_db_raw"} */
select
      'retail_db' as database,
      tablename as name,
      schemaname as schema,
      'table' as type
    from pg_tables
    where schemaname ilike 'raw'
    union all
    select
      'retail_db' as database,
      viewname as name,
      schemaname as schema,
      'view' as type
    from pg_views
    where schemaname ilike 'raw'
    union all
    select
      'retail_db' as database,
      matviewname as name,
      schemaname as schema,
      'materialized_view' as type
    from pg_matviews
    where schemaname ilike 'raw'
  
[0m04:15:01.108277 [debug] [ThreadPool]: On list_retail_db_raw_raw: /* {"app": "dbt", "dbt_version": "1.11.2", "profile_name": "retail_dbt", "target_name": "dev", "connection_name": "list_retail_db_raw_raw"} */
select
      'retail_db' as database,
      tablename as name,
      schemaname as schema,
      'table' as type
    from pg_tables
    where schemaname ilike 'raw_raw'
    union all
    select
      'retail_db' as database,
      viewname as name,
      schemaname as schema,
      'view' as type
    from pg_views
    where schemaname ilike 'raw_raw'
    union all
    select
      'retail_db' as database,
      matviewname as name,
      schemaname as schema,
      'materialized_view' as type
    from pg_matviews
    where schemaname ilike 'raw_raw'
  
[0m04:15:01.110134 [debug] [ThreadPool]: Opening a new connection, currently in state closed
[0m04:15:01.112347 [debug] [ThreadPool]: Opening a new connection, currently in state init
[0m04:15:01.114490 [debug] [ThreadPool]: Opening a new connection, currently in state init
[0m04:15:01.121248 [debug] [ThreadPool]: SQL status: SELECT 0 in 0.011 seconds
[0m04:15:01.123020 [debug] [ThreadPool]: SQL status: SELECT 0 in 0.011 seconds
[0m04:15:01.123873 [debug] [ThreadPool]: SQL status: SELECT 0 in 0.009 seconds
[0m04:15:01.125346 [debug] [ThreadPool]: On list_retail_db_raw_core: ROLLBACK
[0m04:15:01.128143 [debug] [ThreadPool]: On list_retail_db_raw: ROLLBACK
[0m04:15:01.131117 [debug] [ThreadPool]: On list_retail_db_raw_raw: ROLLBACK
[0m04:15:01.133442 [debug] [ThreadPool]: On list_retail_db_raw_core: Close
[0m04:15:01.135111 [debug] [ThreadPool]: On list_retail_db_raw: Close
[0m04:15:01.136788 [debug] [ThreadPool]: On list_retail_db_raw_raw: Close
[0m04:15:01.146866 [debug] [MainThread]: Using postgres connection "master"
[0m04:15:01.149230 [debug] [MainThread]: On master: /* {"app": "dbt", "dbt_version": "1.11.2", "profile_name": "retail_dbt", "target_name": "dev", "connection_name": "master"} */
select distinct
        dependent_namespace.nspname as dependent_schema,
        dependent_class.relname as dependent_name,
        referenced_namespace.nspname as referenced_schema,
        referenced_class.relname as referenced_name

    -- Query for views: views are entries in pg_class with an entry in pg_rewrite, but we avoid
    -- a seq scan on pg_rewrite by leveraging the fact there is an "internal" row in pg_depend for
    -- the view...
    from pg_class as dependent_class
    join pg_namespace as dependent_namespace on dependent_namespace.oid = dependent_class.relnamespace
    join pg_depend as dependent_depend on dependent_depend.refobjid = dependent_class.oid
        and dependent_depend.classid = 'pg_rewrite'::regclass
        and dependent_depend.refclassid = 'pg_class'::regclass
        and dependent_depend.deptype = 'i'

    -- ... and via pg_depend (that has a row per column, hence the need for "distinct" above, and
    -- making sure to exclude the internal row to avoid a view appearing to depend on itself)...
    join pg_depend as joining_depend on joining_depend.objid = dependent_depend.objid
        and joining_depend.classid = 'pg_rewrite'::regclass
        and joining_depend.refclassid = 'pg_class'::regclass
        and joining_depend.refobjid != dependent_depend.refobjid

    -- ... we can find the tables they query from in pg_class, but excluding system tables. Note we
    -- don't need need to exclude _dependent_ system tables, because they only query from other
    -- system tables, and so are automatically excluded by excluding _referenced_ system tables
    join pg_class as referenced_class on referenced_class.oid = joining_depend.refobjid
    join pg_namespace as referenced_namespace on referenced_namespace.oid = referenced_class.relnamespace
        and referenced_namespace.nspname != 'information_schema'
        and referenced_namespace.nspname not like 'pg\_%'

    order by
        dependent_schema, dependent_name, referenced_schema, referenced_name;
[0m04:15:01.151515 [debug] [MainThread]: Opening a new connection, currently in state init
[0m04:15:01.159455 [debug] [MainThread]: SQL status: SELECT 0 in 0.008 seconds
[0m04:15:01.163928 [debug] [MainThread]: Sending event: {'category': 'dbt', 'action': 'runnable_timing', 'label': '17e58317-7aba-447f-a28c-1e2fcc70becf', 'context': [<snowplow_tracker.self_describing_json.SelfDescribingJson object at 0x7f7f93025900>]}
[0m04:15:01.166520 [debug] [MainThread]: On master: ROLLBACK
[0m04:15:01.169083 [debug] [MainThread]: On master: COMMIT
[0m04:15:01.171396 [debug] [MainThread]: Using postgres connection "master"
[0m04:15:01.173520 [debug] [MainThread]: On master: COMMIT
[0m04:15:01.176088 [debug] [MainThread]: SQL status: COMMIT in 0.000 seconds
[0m04:15:01.178273 [debug] [MainThread]: On master: Close
[0m04:15:01.185589 [debug] [Thread-1 (]: Began running node seed.retail_dbt_project.online_retail_II
[0m04:15:01.187999 [info ] [Thread-1 (]: 1 of 1 START seed file raw.online_retail_II .................................... [RUN]
[0m04:15:01.189993 [debug] [Thread-1 (]: Re-using an available connection from the pool (formerly list_retail_db_raw_raw, now seed.retail_dbt_project.online_retail_II)
[0m04:15:01.192103 [debug] [Thread-1 (]: Began compiling node seed.retail_dbt_project.online_retail_II
[0m04:15:01.193862 [debug] [Thread-1 (]: Began executing node seed.retail_dbt_project.online_retail_II
[0m04:15:09.131082 [debug] [MainThread]: Sending event: {'category': 'dbt', 'action': 'invocation', 'label': 'start', 'context': [<snowplow_tracker.self_describing_json.SelfDescribingJson object at 0x7f118a7f3c40>, <snowplow_tracker.self_describing_json.SelfDescribingJson object at 0x7f1188f4cf40>, <snowplow_tracker.self_describing_json.SelfDescribingJson object at 0x7f1188f4cee0>]}


============================== 04:15:09.141638 | d09a1820-19ee-4566-abd3-6390e6b805fd ==============================
[0m04:15:09.141638 [info ] [MainThread]: Running with dbt=1.11.2
[0m04:15:09.144205 [debug] [MainThread]: running dbt with arguments {'cache_selected_only': 'False', 'debug': 'False', 'write_json': 'True', 'printer_width': '80', 'use_experimental_parser': 'False', 'fail_fast': 'False', 'introspect': 'True', 'log_format': 'default', 'invocation_command': 'dbt seed --profiles-dir /opt/airflow/.dbt', 'partial_parse': 'True', 'target_path': 'None', 'log_path': '/opt/airflow/dbt_project/logs', 'quiet': 'False', 'static_parser': 'True', 'indirect_selection': 'eager', 'profiles_dir': '/opt/airflow/.dbt', 'warn_error': 'None', 'no_print': 'None', 'log_cache_events': 'False', 'version_check': 'True', 'warn_error_options': 'WarnErrorOptionsV2(error=[], warn=[], silence=[])', 'empty': 'None', 'send_anonymous_usage_stats': 'True', 'use_colors': 'True'}
[0m04:15:09.504675 [debug] [MainThread]: Sending event: {'category': 'dbt', 'action': 'project_id', 'label': 'd09a1820-19ee-4566-abd3-6390e6b805fd', 'context': [<snowplow_tracker.self_describing_json.SelfDescribingJson object at 0x7f1188f4dea0>]}
[0m04:15:09.609346 [debug] [MainThread]: Sending event: {'category': 'dbt', 'action': 'adapter_info', 'label': 'd09a1820-19ee-4566-abd3-6390e6b805fd', 'context': [<snowplow_tracker.self_describing_json.SelfDescribingJson object at 0x7f1188fa3640>]}
[0m04:15:09.613108 [info ] [MainThread]: Registered adapter: postgres=1.10.0
[0m04:15:09.725919 [debug] [MainThread]: checksum: 3d40d8bbe1bef07db1c24822f2dbfff8bc07f2a48ed4fe2658a40653aec0b54b, vars: {}, profile: , target: , version: 1.11.2
[0m04:15:10.146817 [debug] [MainThread]: Partial parsing enabled: 0 files deleted, 0 files added, 0 files changed.
[0m04:15:10.149351 [debug] [MainThread]: Nothing changed, skipping partial parsing.
[0m04:15:10.151481 [debug] [MainThread]: Partial parsing enabled, no changes found, skipping parsing
[0m04:15:10.224714 [debug] [MainThread]: Sending event: {'category': 'dbt', 'action': 'load_project', 'label': 'd09a1820-19ee-4566-abd3-6390e6b805fd', 'context': [<snowplow_tracker.self_describing_json.SelfDescribingJson object at 0x7f1186f41e40>]}
[0m04:15:10.450531 [debug] [MainThread]: Wrote artifact WritableManifest to /opt/airflow/dbt_project/target/manifest.json
[0m04:15:10.467643 [debug] [MainThread]: Wrote artifact SemanticManifest to /opt/airflow/dbt_project/target/semantic_manifest.json
[0m04:15:10.516035 [debug] [MainThread]: Sending event: {'category': 'dbt', 'action': 'resource_counts', 'label': 'd09a1820-19ee-4566-abd3-6390e6b805fd', 'context': [<snowplow_tracker.self_describing_json.SelfDescribingJson object at 0x7f1188f4dc00>]}
[0m04:15:10.519088 [info ] [MainThread]: Found 3 models, 1 seed, 463 macros
[0m04:15:10.521772 [debug] [MainThread]: Sending event: {'category': 'dbt', 'action': 'runnable_timing', 'label': 'd09a1820-19ee-4566-abd3-6390e6b805fd', 'context': [<snowplow_tracker.self_describing_json.SelfDescribingJson object at 0x7f118b8b8a30>]}
[0m04:15:10.526563 [info ] [MainThread]: 
[0m04:15:10.529162 [info ] [MainThread]: Concurrency: 4 threads (target='dev')
[0m04:15:10.531563 [info ] [MainThread]: 
[0m04:15:10.534574 [debug] [MainThread]: Acquiring new postgres connection 'master'
[0m04:15:10.539384 [debug] [ThreadPool]: Acquiring new postgres connection 'list_retail_db'
[0m04:15:10.594974 [debug] [ThreadPool]: Using postgres connection "list_retail_db"
[0m04:15:10.597216 [debug] [ThreadPool]: On list_retail_db: /* {"app": "dbt", "dbt_version": "1.11.2", "profile_name": "retail_dbt", "target_name": "dev", "connection_name": "list_retail_db"} */

    select distinct nspname from pg_namespace
  
[0m04:15:10.599175 [debug] [ThreadPool]: Opening a new connection, currently in state init
[0m04:15:10.607281 [debug] [ThreadPool]: SQL status: SELECT 5 in 0.008 seconds
[0m04:15:10.610852 [debug] [ThreadPool]: On list_retail_db: Close
[0m04:15:10.621179 [debug] [ThreadPool]: Re-using an available connection from the pool (formerly list_retail_db, now list_retail_db_raw)
[0m04:15:10.623916 [debug] [ThreadPool]: Acquiring new postgres connection 'list_retail_db_raw_core'
[0m04:15:10.626184 [debug] [ThreadPool]: Acquiring new postgres connection 'list_retail_db_raw_raw'
[0m04:15:10.635494 [debug] [ThreadPool]: Using postgres connection "list_retail_db_raw"
[0m04:15:10.640238 [debug] [ThreadPool]: Using postgres connection "list_retail_db_raw_core"
[0m04:15:10.645556 [debug] [ThreadPool]: Using postgres connection "list_retail_db_raw_raw"
[0m04:15:10.647838 [debug] [ThreadPool]: On list_retail_db_raw: /* {"app": "dbt", "dbt_version": "1.11.2", "profile_name": "retail_dbt", "target_name": "dev", "connection_name": "list_retail_db_raw"} */
select
      'retail_db' as database,
      tablename as name,
      schemaname as schema,
      'table' as type
    from pg_tables
    where schemaname ilike 'raw'
    union all
    select
      'retail_db' as database,
      viewname as name,
      schemaname as schema,
      'view' as type
    from pg_views
    where schemaname ilike 'raw'
    union all
    select
      'retail_db' as database,
      matviewname as name,
      schemaname as schema,
      'materialized_view' as type
    from pg_matviews
    where schemaname ilike 'raw'
  
[0m04:15:10.649966 [debug] [ThreadPool]: On list_retail_db_raw_core: /* {"app": "dbt", "dbt_version": "1.11.2", "profile_name": "retail_dbt", "target_name": "dev", "connection_name": "list_retail_db_raw_core"} */
select
      'retail_db' as database,
      tablename as name,
      schemaname as schema,
      'table' as type
    from pg_tables
    where schemaname ilike 'raw_core'
    union all
    select
      'retail_db' as database,
      viewname as name,
      schemaname as schema,
      'view' as type
    from pg_views
    where schemaname ilike 'raw_core'
    union all
    select
      'retail_db' as database,
      matviewname as name,
      schemaname as schema,
      'materialized_view' as type
    from pg_matviews
    where schemaname ilike 'raw_core'
  
[0m04:15:10.651698 [debug] [ThreadPool]: On list_retail_db_raw_raw: /* {"app": "dbt", "dbt_version": "1.11.2", "profile_name": "retail_dbt", "target_name": "dev", "connection_name": "list_retail_db_raw_raw"} */
select
      'retail_db' as database,
      tablename as name,
      schemaname as schema,
      'table' as type
    from pg_tables
    where schemaname ilike 'raw_raw'
    union all
    select
      'retail_db' as database,
      viewname as name,
      schemaname as schema,
      'view' as type
    from pg_views
    where schemaname ilike 'raw_raw'
    union all
    select
      'retail_db' as database,
      matviewname as name,
      schemaname as schema,
      'materialized_view' as type
    from pg_matviews
    where schemaname ilike 'raw_raw'
  
[0m04:15:10.653674 [debug] [ThreadPool]: Opening a new connection, currently in state closed
[0m04:15:10.655564 [debug] [ThreadPool]: Opening a new connection, currently in state init
[0m04:15:10.657404 [debug] [ThreadPool]: Opening a new connection, currently in state init
[0m04:15:10.667517 [debug] [ThreadPool]: SQL status: SELECT 0 in 0.014 seconds
[0m04:15:10.671007 [debug] [ThreadPool]: On list_retail_db_raw: ROLLBACK
[0m04:15:10.673638 [debug] [ThreadPool]: On list_retail_db_raw: Close
[0m04:15:10.677113 [debug] [ThreadPool]: SQL status: SELECT 0 in 0.021 seconds
[0m04:15:10.678642 [debug] [ThreadPool]: SQL status: SELECT 0 in 0.021 seconds
[0m04:15:10.682959 [debug] [ThreadPool]: On list_retail_db_raw_core: ROLLBACK
[0m04:15:10.686275 [debug] [ThreadPool]: On list_retail_db_raw_raw: ROLLBACK
[0m04:15:10.689007 [debug] [ThreadPool]: On list_retail_db_raw_core: Close
[0m04:15:10.690918 [debug] [ThreadPool]: On list_retail_db_raw_raw: Close
[0m04:15:10.702306 [debug] [MainThread]: Using postgres connection "master"
[0m04:15:10.704851 [debug] [MainThread]: On master: /* {"app": "dbt", "dbt_version": "1.11.2", "profile_name": "retail_dbt", "target_name": "dev", "connection_name": "master"} */
select distinct
        dependent_namespace.nspname as dependent_schema,
        dependent_class.relname as dependent_name,
        referenced_namespace.nspname as referenced_schema,
        referenced_class.relname as referenced_name

    -- Query for views: views are entries in pg_class with an entry in pg_rewrite, but we avoid
    -- a seq scan on pg_rewrite by leveraging the fact there is an "internal" row in pg_depend for
    -- the view...
    from pg_class as dependent_class
    join pg_namespace as dependent_namespace on dependent_namespace.oid = dependent_class.relnamespace
    join pg_depend as dependent_depend on dependent_depend.refobjid = dependent_class.oid
        and dependent_depend.classid = 'pg_rewrite'::regclass
        and dependent_depend.refclassid = 'pg_class'::regclass
        and dependent_depend.deptype = 'i'

    -- ... and via pg_depend (that has a row per column, hence the need for "distinct" above, and
    -- making sure to exclude the internal row to avoid a view appearing to depend on itself)...
    join pg_depend as joining_depend on joining_depend.objid = dependent_depend.objid
        and joining_depend.classid = 'pg_rewrite'::regclass
        and joining_depend.refclassid = 'pg_class'::regclass
        and joining_depend.refobjid != dependent_depend.refobjid

    -- ... we can find the tables they query from in pg_class, but excluding system tables. Note we
    -- don't need need to exclude _dependent_ system tables, because they only query from other
    -- system tables, and so are automatically excluded by excluding _referenced_ system tables
    join pg_class as referenced_class on referenced_class.oid = joining_depend.refobjid
    join pg_namespace as referenced_namespace on referenced_namespace.oid = referenced_class.relnamespace
        and referenced_namespace.nspname != 'information_schema'
        and referenced_namespace.nspname not like 'pg\_%'

    order by
        dependent_schema, dependent_name, referenced_schema, referenced_name;
[0m04:15:10.707295 [debug] [MainThread]: Opening a new connection, currently in state init
[0m04:15:10.719847 [debug] [MainThread]: SQL status: SELECT 0 in 0.012 seconds
[0m04:15:10.723220 [debug] [MainThread]: Sending event: {'category': 'dbt', 'action': 'runnable_timing', 'label': 'd09a1820-19ee-4566-abd3-6390e6b805fd', 'context': [<snowplow_tracker.self_describing_json.SelfDescribingJson object at 0x7f118bae1900>]}
[0m04:15:10.726124 [debug] [MainThread]: On master: ROLLBACK
[0m04:15:10.728816 [debug] [MainThread]: On master: COMMIT
[0m04:15:10.731333 [debug] [MainThread]: Using postgres connection "master"
[0m04:15:10.733664 [debug] [MainThread]: On master: COMMIT
[0m04:15:10.736551 [debug] [MainThread]: SQL status: COMMIT in 0.000 seconds
[0m04:15:10.738662 [debug] [MainThread]: On master: Close
[0m04:15:10.747678 [debug] [Thread-1 (]: Began running node seed.retail_dbt_project.online_retail_II
[0m04:15:10.750176 [info ] [Thread-1 (]: 1 of 1 START seed file raw.online_retail_II .................................... [RUN]
[0m04:15:10.752423 [debug] [Thread-1 (]: Re-using an available connection from the pool (formerly list_retail_db_raw_raw, now seed.retail_dbt_project.online_retail_II)
[0m04:15:10.754326 [debug] [Thread-1 (]: Began compiling node seed.retail_dbt_project.online_retail_II
[0m04:15:10.756343 [debug] [Thread-1 (]: Began executing node seed.retail_dbt_project.online_retail_II
[0m04:15:24.086734 [debug] [Thread-1 (]: Using postgres connection "seed.retail_dbt_project.online_retail_II"
[0m04:15:24.091491 [debug] [Thread-1 (]: On seed.retail_dbt_project.online_retail_II: 
          insert into "retail_db"."raw"."online_retail_II" ("Invoice", "StockCode", "Description", "Quantity", "InvoiceDate", "Price", "Customer ID", "Country") values
          (%s,%s,%s,%s,%s,%s,%s,%s),(%s,%s,%s,%s,%s,%s,%s,%s),(%s,%s,%s,%s,%s,%s,%s,%s),(%s,%s,%s,%s,%s,%s,%s,%s),(%s,%s,%s,%s,%s,%s,%s,%s),(%s,%s,%s,%s,%s,%s,%s,%s),(%s,%s,%s,%s,%s,%s,%s,%s),(%s,%s,%s,%s,%s,%s,%s,%s),(%s,%s,%s,%s,%s,%s,%s,%s),(%s,%s,%s,%s,%s,%s,%s,%s),(%s,%s,%s,%s,%s,%s,%s,%s),(%s,%s,%s,%s,%s,%s,%s,%s),(%s,%s,%s,%s,%s,%s,%s...
[0m04:15:24.516792 [debug] [Thread-1 (]: SQL status: INSERT 0 10000 in 0.420 seconds
[0m04:15:31.855697 [debug] [Thread-1 (]: Using postgres connection "seed.retail_dbt_project.online_retail_II"
[0m04:15:31.860311 [debug] [Thread-1 (]: On seed.retail_dbt_project.online_retail_II: /* {"app": "dbt", "dbt_version": "1.11.2", "profile_name": "retail_dbt", "target_name": "dev", "node_id": "seed.retail_dbt_project.online_retail_II"} */

    create table "retail_db"."raw"."online_retail_II" ("Invoice" text,"StockCode" text,"Description" text,"Quantity" integer,"InvoiceDate" text,"Price" float8,"Customer ID" integer,"Country" text)
  
[0m04:15:31.864114 [debug] [Thread-1 (]: Opening a new connection, currently in state closed
[0m04:15:42.768754 [debug] [Thread-1 (]: Using postgres connection "seed.retail_dbt_project.online_retail_II"
[0m04:15:42.772432 [debug] [Thread-1 (]: On seed.retail_dbt_project.online_retail_II: /* {"app": "dbt", "dbt_version": "1.11.2", "profile_name": "retail_dbt", "target_name": "dev", "node_id": "seed.retail_dbt_project.online_retail_II"} */

    create table "retail_db"."raw"."online_retail_II" ("Invoice" text,"StockCode" text,"Description" text,"Quantity" integer,"InvoiceDate" text,"Price" float8,"Customer ID" integer,"Country" text)
  
[0m04:15:42.774782 [debug] [Thread-1 (]: Opening a new connection, currently in state closed
[0m04:15:51.293316 [debug] [Thread-1 (]: Using postgres connection "seed.retail_dbt_project.online_retail_II"
[0m04:15:51.296143 [debug] [Thread-1 (]: On seed.retail_dbt_project.online_retail_II: 
          insert into "retail_db"."raw"."online_retail_II" ("Invoice", "StockCode", "Description", "Quantity", "InvoiceDate", "Price", "Customer ID", "Country") values
          (%s,%s,%s,%s,%s,%s,%s,%s),(%s,%s,%s,%s,%s,%s,%s,%s),(%s,%s,%s,%s,%s,%s,%s,%s),(%s,%s,%s,%s,%s,%s,%s,%s),(%s,%s,%s,%s,%s,%s,%s,%s),(%s,%s,%s,%s,%s,%s,%s,%s),(%s,%s,%s,%s,%s,%s,%s,%s),(%s,%s,%s,%s,%s,%s,%s,%s),(%s,%s,%s,%s,%s,%s,%s,%s),(%s,%s,%s,%s,%s,%s,%s,%s),(%s,%s,%s,%s,%s,%s,%s,%s),(%s,%s,%s,%s,%s,%s,%s,%s),(%s,%s,%s,%s,%s,%s,%s...
[0m04:15:51.422298 [debug] [Thread-1 (]: SQL status: INSERT 0 10000 in 0.123 seconds
[0m04:16:09.446519 [debug] [Thread-1 (]: Using postgres connection "seed.retail_dbt_project.online_retail_II"
[0m04:16:09.450003 [debug] [Thread-1 (]: On seed.retail_dbt_project.online_retail_II: 
          insert into "retail_db"."raw"."online_retail_II" ("Invoice", "StockCode", "Description", "Quantity", "InvoiceDate", "Price", "Customer ID", "Country") values
          (%s,%s,%s,%s,%s,%s,%s,%s),(%s,%s,%s,%s,%s,%s,%s,%s),(%s,%s,%s,%s,%s,%s,%s,%s),(%s,%s,%s,%s,%s,%s,%s,%s),(%s,%s,%s,%s,%s,%s,%s,%s),(%s,%s,%s,%s,%s,%s,%s,%s),(%s,%s,%s,%s,%s,%s,%s,%s),(%s,%s,%s,%s,%s,%s,%s,%s),(%s,%s,%s,%s,%s,%s,%s,%s),(%s,%s,%s,%s,%s,%s,%s,%s),(%s,%s,%s,%s,%s,%s,%s,%s),(%s,%s,%s,%s,%s,%s,%s,%s),(%s,%s,%s,%s,%s,%s,%s...
[0m04:16:09.581614 [debug] [Thread-1 (]: SQL status: INSERT 0 10000 in 0.129 seconds
[0m04:16:27.692131 [debug] [Thread-1 (]: Using postgres connection "seed.retail_dbt_project.online_retail_II"
[0m04:16:27.694787 [debug] [Thread-1 (]: On seed.retail_dbt_project.online_retail_II: 
          insert into "retail_db"."raw"."online_retail_II" ("Invoice", "StockCode", "Description", "Quantity", "InvoiceDate", "Price", "Customer ID", "Country") values
          (%s,%s,%s,%s,%s,%s,%s,%s),(%s,%s,%s,%s,%s,%s,%s,%s),(%s,%s,%s,%s,%s,%s,%s,%s),(%s,%s,%s,%s,%s,%s,%s,%s),(%s,%s,%s,%s,%s,%s,%s,%s),(%s,%s,%s,%s,%s,%s,%s,%s),(%s,%s,%s,%s,%s,%s,%s,%s),(%s,%s,%s,%s,%s,%s,%s,%s),(%s,%s,%s,%s,%s,%s,%s,%s),(%s,%s,%s,%s,%s,%s,%s,%s),(%s,%s,%s,%s,%s,%s,%s,%s),(%s,%s,%s,%s,%s,%s,%s,%s),(%s,%s,%s,%s,%s,%s,%s...
[0m04:16:27.825452 [debug] [Thread-1 (]: SQL status: INSERT 0 10000 in 0.128 seconds
[0m04:16:45.806203 [debug] [Thread-1 (]: Using postgres connection "seed.retail_dbt_project.online_retail_II"
[0m04:16:45.809797 [debug] [Thread-1 (]: On seed.retail_dbt_project.online_retail_II: 
          insert into "retail_db"."raw"."online_retail_II" ("Invoice", "StockCode", "Description", "Quantity", "InvoiceDate", "Price", "Customer ID", "Country") values
          (%s,%s,%s,%s,%s,%s,%s,%s),(%s,%s,%s,%s,%s,%s,%s,%s),(%s,%s,%s,%s,%s,%s,%s,%s),(%s,%s,%s,%s,%s,%s,%s,%s),(%s,%s,%s,%s,%s,%s,%s,%s),(%s,%s,%s,%s,%s,%s,%s,%s),(%s,%s,%s,%s,%s,%s,%s,%s),(%s,%s,%s,%s,%s,%s,%s,%s),(%s,%s,%s,%s,%s,%s,%s,%s),(%s,%s,%s,%s,%s,%s,%s,%s),(%s,%s,%s,%s,%s,%s,%s,%s),(%s,%s,%s,%s,%s,%s,%s,%s),(%s,%s,%s,%s,%s,%s,%s...
[0m04:16:45.940114 [debug] [Thread-1 (]: SQL status: INSERT 0 10000 in 0.127 seconds
[0m04:17:05.473490 [debug] [Thread-1 (]: Using postgres connection "seed.retail_dbt_project.online_retail_II"
[0m04:17:05.476654 [debug] [Thread-1 (]: On seed.retail_dbt_project.online_retail_II: 
          insert into "retail_db"."raw"."online_retail_II" ("Invoice", "StockCode", "Description", "Quantity", "InvoiceDate", "Price", "Customer ID", "Country") values
          (%s,%s,%s,%s,%s,%s,%s,%s),(%s,%s,%s,%s,%s,%s,%s,%s),(%s,%s,%s,%s,%s,%s,%s,%s),(%s,%s,%s,%s,%s,%s,%s,%s),(%s,%s,%s,%s,%s,%s,%s,%s),(%s,%s,%s,%s,%s,%s,%s,%s),(%s,%s,%s,%s,%s,%s,%s,%s),(%s,%s,%s,%s,%s,%s,%s,%s),(%s,%s,%s,%s,%s,%s,%s,%s),(%s,%s,%s,%s,%s,%s,%s,%s),(%s,%s,%s,%s,%s,%s,%s,%s),(%s,%s,%s,%s,%s,%s,%s,%s),(%s,%s,%s,%s,%s,%s,%s...
[0m04:17:05.610159 [debug] [Thread-1 (]: SQL status: INSERT 0 10000 in 0.130 seconds
[0m04:17:23.708349 [debug] [Thread-1 (]: Using postgres connection "seed.retail_dbt_project.online_retail_II"
[0m04:17:23.712064 [debug] [Thread-1 (]: On seed.retail_dbt_project.online_retail_II: 
          insert into "retail_db"."raw"."online_retail_II" ("Invoice", "StockCode", "Description", "Quantity", "InvoiceDate", "Price", "Customer ID", "Country") values
          (%s,%s,%s,%s,%s,%s,%s,%s),(%s,%s,%s,%s,%s,%s,%s,%s),(%s,%s,%s,%s,%s,%s,%s,%s),(%s,%s,%s,%s,%s,%s,%s,%s),(%s,%s,%s,%s,%s,%s,%s,%s),(%s,%s,%s,%s,%s,%s,%s,%s),(%s,%s,%s,%s,%s,%s,%s,%s),(%s,%s,%s,%s,%s,%s,%s,%s),(%s,%s,%s,%s,%s,%s,%s,%s),(%s,%s,%s,%s,%s,%s,%s,%s),(%s,%s,%s,%s,%s,%s,%s,%s),(%s,%s,%s,%s,%s,%s,%s,%s),(%s,%s,%s,%s,%s,%s,%s...
[0m04:17:23.846831 [debug] [Thread-1 (]: SQL status: INSERT 0 10000 in 0.132 seconds
[0m04:17:41.874887 [debug] [Thread-1 (]: Using postgres connection "seed.retail_dbt_project.online_retail_II"
[0m04:17:41.878217 [debug] [Thread-1 (]: On seed.retail_dbt_project.online_retail_II: 
          insert into "retail_db"."raw"."online_retail_II" ("Invoice", "StockCode", "Description", "Quantity", "InvoiceDate", "Price", "Customer ID", "Country") values
          (%s,%s,%s,%s,%s,%s,%s,%s),(%s,%s,%s,%s,%s,%s,%s,%s),(%s,%s,%s,%s,%s,%s,%s,%s),(%s,%s,%s,%s,%s,%s,%s,%s),(%s,%s,%s,%s,%s,%s,%s,%s),(%s,%s,%s,%s,%s,%s,%s,%s),(%s,%s,%s,%s,%s,%s,%s,%s),(%s,%s,%s,%s,%s,%s,%s,%s),(%s,%s,%s,%s,%s,%s,%s,%s),(%s,%s,%s,%s,%s,%s,%s,%s),(%s,%s,%s,%s,%s,%s,%s,%s),(%s,%s,%s,%s,%s,%s,%s,%s),(%s,%s,%s,%s,%s,%s,%s...
[0m04:17:42.013939 [debug] [Thread-1 (]: SQL status: INSERT 0 10000 in 0.132 seconds
[0m04:17:59.996385 [debug] [Thread-1 (]: Using postgres connection "seed.retail_dbt_project.online_retail_II"
[0m04:17:59.999326 [debug] [Thread-1 (]: On seed.retail_dbt_project.online_retail_II: 
          insert into "retail_db"."raw"."online_retail_II" ("Invoice", "StockCode", "Description", "Quantity", "InvoiceDate", "Price", "Customer ID", "Country") values
          (%s,%s,%s,%s,%s,%s,%s,%s),(%s,%s,%s,%s,%s,%s,%s,%s),(%s,%s,%s,%s,%s,%s,%s,%s),(%s,%s,%s,%s,%s,%s,%s,%s),(%s,%s,%s,%s,%s,%s,%s,%s),(%s,%s,%s,%s,%s,%s,%s,%s),(%s,%s,%s,%s,%s,%s,%s,%s),(%s,%s,%s,%s,%s,%s,%s,%s),(%s,%s,%s,%s,%s,%s,%s,%s),(%s,%s,%s,%s,%s,%s,%s,%s),(%s,%s,%s,%s,%s,%s,%s,%s),(%s,%s,%s,%s,%s,%s,%s,%s),(%s,%s,%s,%s,%s,%s,%s...
[0m04:18:00.138628 [debug] [Thread-1 (]: SQL status: INSERT 0 10000 in 0.140 seconds
[0m04:18:19.056699 [debug] [Thread-1 (]: Using postgres connection "seed.retail_dbt_project.online_retail_II"
[0m04:18:19.060634 [debug] [Thread-1 (]: On seed.retail_dbt_project.online_retail_II: 
          insert into "retail_db"."raw"."online_retail_II" ("Invoice", "StockCode", "Description", "Quantity", "InvoiceDate", "Price", "Customer ID", "Country") values
          (%s,%s,%s,%s,%s,%s,%s,%s),(%s,%s,%s,%s,%s,%s,%s,%s),(%s,%s,%s,%s,%s,%s,%s,%s),(%s,%s,%s,%s,%s,%s,%s,%s),(%s,%s,%s,%s,%s,%s,%s,%s),(%s,%s,%s,%s,%s,%s,%s,%s),(%s,%s,%s,%s,%s,%s,%s,%s),(%s,%s,%s,%s,%s,%s,%s,%s),(%s,%s,%s,%s,%s,%s,%s,%s),(%s,%s,%s,%s,%s,%s,%s,%s),(%s,%s,%s,%s,%s,%s,%s,%s),(%s,%s,%s,%s,%s,%s,%s,%s),(%s,%s,%s,%s,%s,%s,%s...
[0m04:18:19.216587 [debug] [Thread-1 (]: SQL status: INSERT 0 10000 in 0.153 seconds
[0m04:18:37.389117 [debug] [Thread-1 (]: Using postgres connection "seed.retail_dbt_project.online_retail_II"
[0m04:18:37.392627 [debug] [Thread-1 (]: On seed.retail_dbt_project.online_retail_II: 
          insert into "retail_db"."raw"."online_retail_II" ("Invoice", "StockCode", "Description", "Quantity", "InvoiceDate", "Price", "Customer ID", "Country") values
          (%s,%s,%s,%s,%s,%s,%s,%s),(%s,%s,%s,%s,%s,%s,%s,%s),(%s,%s,%s,%s,%s,%s,%s,%s),(%s,%s,%s,%s,%s,%s,%s,%s),(%s,%s,%s,%s,%s,%s,%s,%s),(%s,%s,%s,%s,%s,%s,%s,%s),(%s,%s,%s,%s,%s,%s,%s,%s),(%s,%s,%s,%s,%s,%s,%s,%s),(%s,%s,%s,%s,%s,%s,%s,%s),(%s,%s,%s,%s,%s,%s,%s,%s),(%s,%s,%s,%s,%s,%s,%s,%s),(%s,%s,%s,%s,%s,%s,%s,%s),(%s,%s,%s,%s,%s,%s,%s...
[0m04:18:37.532255 [debug] [Thread-1 (]: SQL status: INSERT 0 10000 in 0.136 seconds
[0m04:18:55.524641 [debug] [Thread-1 (]: Using postgres connection "seed.retail_dbt_project.online_retail_II"
[0m04:18:55.528332 [debug] [Thread-1 (]: On seed.retail_dbt_project.online_retail_II: 
          insert into "retail_db"."raw"."online_retail_II" ("Invoice", "StockCode", "Description", "Quantity", "InvoiceDate", "Price", "Customer ID", "Country") values
          (%s,%s,%s,%s,%s,%s,%s,%s),(%s,%s,%s,%s,%s,%s,%s,%s),(%s,%s,%s,%s,%s,%s,%s,%s),(%s,%s,%s,%s,%s,%s,%s,%s),(%s,%s,%s,%s,%s,%s,%s,%s),(%s,%s,%s,%s,%s,%s,%s,%s),(%s,%s,%s,%s,%s,%s,%s,%s),(%s,%s,%s,%s,%s,%s,%s,%s),(%s,%s,%s,%s,%s,%s,%s,%s),(%s,%s,%s,%s,%s,%s,%s,%s),(%s,%s,%s,%s,%s,%s,%s,%s),(%s,%s,%s,%s,%s,%s,%s,%s),(%s,%s,%s,%s,%s,%s,%s...
[0m04:18:55.655434 [debug] [Thread-1 (]: SQL status: INSERT 0 10000 in 0.124 seconds
[0m04:19:15.202500 [debug] [Thread-1 (]: Using postgres connection "seed.retail_dbt_project.online_retail_II"
[0m04:19:15.205796 [debug] [Thread-1 (]: On seed.retail_dbt_project.online_retail_II: 
          insert into "retail_db"."raw"."online_retail_II" ("Invoice", "StockCode", "Description", "Quantity", "InvoiceDate", "Price", "Customer ID", "Country") values
          (%s,%s,%s,%s,%s,%s,%s,%s),(%s,%s,%s,%s,%s,%s,%s,%s),(%s,%s,%s,%s,%s,%s,%s,%s),(%s,%s,%s,%s,%s,%s,%s,%s),(%s,%s,%s,%s,%s,%s,%s,%s),(%s,%s,%s,%s,%s,%s,%s,%s),(%s,%s,%s,%s,%s,%s,%s,%s),(%s,%s,%s,%s,%s,%s,%s,%s),(%s,%s,%s,%s,%s,%s,%s,%s),(%s,%s,%s,%s,%s,%s,%s,%s),(%s,%s,%s,%s,%s,%s,%s,%s),(%s,%s,%s,%s,%s,%s,%s,%s),(%s,%s,%s,%s,%s,%s,%s...
[0m04:19:15.351132 [debug] [Thread-1 (]: SQL status: INSERT 0 10000 in 0.143 seconds
[0m04:19:40.066196 [debug] [Thread-1 (]: Using postgres connection "seed.retail_dbt_project.online_retail_II"
[0m04:19:40.069693 [debug] [Thread-1 (]: On seed.retail_dbt_project.online_retail_II: 
          insert into "retail_db"."raw"."online_retail_II" ("Invoice", "StockCode", "Description", "Quantity", "InvoiceDate", "Price", "Customer ID", "Country") values
          (%s,%s,%s,%s,%s,%s,%s,%s),(%s,%s,%s,%s,%s,%s,%s,%s),(%s,%s,%s,%s,%s,%s,%s,%s),(%s,%s,%s,%s,%s,%s,%s,%s),(%s,%s,%s,%s,%s,%s,%s,%s),(%s,%s,%s,%s,%s,%s,%s,%s),(%s,%s,%s,%s,%s,%s,%s,%s),(%s,%s,%s,%s,%s,%s,%s,%s),(%s,%s,%s,%s,%s,%s,%s,%s),(%s,%s,%s,%s,%s,%s,%s,%s),(%s,%s,%s,%s,%s,%s,%s,%s),(%s,%s,%s,%s,%s,%s,%s,%s),(%s,%s,%s,%s,%s,%s,%s...
[0m04:19:40.250096 [debug] [Thread-1 (]: SQL status: INSERT 0 10000 in 0.177 seconds
[0m04:19:59.362259 [debug] [Thread-1 (]: Using postgres connection "seed.retail_dbt_project.online_retail_II"
[0m04:19:59.365834 [debug] [Thread-1 (]: On seed.retail_dbt_project.online_retail_II: 
          insert into "retail_db"."raw"."online_retail_II" ("Invoice", "StockCode", "Description", "Quantity", "InvoiceDate", "Price", "Customer ID", "Country") values
          (%s,%s,%s,%s,%s,%s,%s,%s),(%s,%s,%s,%s,%s,%s,%s,%s),(%s,%s,%s,%s,%s,%s,%s,%s),(%s,%s,%s,%s,%s,%s,%s,%s),(%s,%s,%s,%s,%s,%s,%s,%s),(%s,%s,%s,%s,%s,%s,%s,%s),(%s,%s,%s,%s,%s,%s,%s,%s),(%s,%s,%s,%s,%s,%s,%s,%s),(%s,%s,%s,%s,%s,%s,%s,%s),(%s,%s,%s,%s,%s,%s,%s,%s),(%s,%s,%s,%s,%s,%s,%s,%s),(%s,%s,%s,%s,%s,%s,%s,%s),(%s,%s,%s,%s,%s,%s,%s...
[0m04:19:59.510171 [debug] [Thread-1 (]: SQL status: INSERT 0 10000 in 0.141 seconds
[0m04:20:19.254307 [debug] [Thread-1 (]: Using postgres connection "seed.retail_dbt_project.online_retail_II"
[0m04:20:19.257183 [debug] [Thread-1 (]: On seed.retail_dbt_project.online_retail_II: 
          insert into "retail_db"."raw"."online_retail_II" ("Invoice", "StockCode", "Description", "Quantity", "InvoiceDate", "Price", "Customer ID", "Country") values
          (%s,%s,%s,%s,%s,%s,%s,%s),(%s,%s,%s,%s,%s,%s,%s,%s),(%s,%s,%s,%s,%s,%s,%s,%s),(%s,%s,%s,%s,%s,%s,%s,%s),(%s,%s,%s,%s,%s,%s,%s,%s),(%s,%s,%s,%s,%s,%s,%s,%s),(%s,%s,%s,%s,%s,%s,%s,%s),(%s,%s,%s,%s,%s,%s,%s,%s),(%s,%s,%s,%s,%s,%s,%s,%s),(%s,%s,%s,%s,%s,%s,%s,%s),(%s,%s,%s,%s,%s,%s,%s,%s),(%s,%s,%s,%s,%s,%s,%s,%s),(%s,%s,%s,%s,%s,%s,%s...
[0m04:20:19.443789 [debug] [Thread-1 (]: SQL status: INSERT 0 10000 in 0.183 seconds
[0m04:20:44.184667 [debug] [Thread-1 (]: Using postgres connection "seed.retail_dbt_project.online_retail_II"
[0m04:20:44.187929 [debug] [Thread-1 (]: On seed.retail_dbt_project.online_retail_II: 
          insert into "retail_db"."raw"."online_retail_II" ("Invoice", "StockCode", "Description", "Quantity", "InvoiceDate", "Price", "Customer ID", "Country") values
          (%s,%s,%s,%s,%s,%s,%s,%s),(%s,%s,%s,%s,%s,%s,%s,%s),(%s,%s,%s,%s,%s,%s,%s,%s),(%s,%s,%s,%s,%s,%s,%s,%s),(%s,%s,%s,%s,%s,%s,%s,%s),(%s,%s,%s,%s,%s,%s,%s,%s),(%s,%s,%s,%s,%s,%s,%s,%s),(%s,%s,%s,%s,%s,%s,%s,%s),(%s,%s,%s,%s,%s,%s,%s,%s),(%s,%s,%s,%s,%s,%s,%s,%s),(%s,%s,%s,%s,%s,%s,%s,%s),(%s,%s,%s,%s,%s,%s,%s,%s),(%s,%s,%s,%s,%s,%s,%s...
[0m04:20:44.409961 [debug] [Thread-1 (]: SQL status: INSERT 0 10000 in 0.219 seconds
[0m04:21:05.377362 [debug] [Thread-1 (]: Using postgres connection "seed.retail_dbt_project.online_retail_II"
[0m04:21:05.380841 [debug] [Thread-1 (]: On seed.retail_dbt_project.online_retail_II: 
          insert into "retail_db"."raw"."online_retail_II" ("Invoice", "StockCode", "Description", "Quantity", "InvoiceDate", "Price", "Customer ID", "Country") values
          (%s,%s,%s,%s,%s,%s,%s,%s),(%s,%s,%s,%s,%s,%s,%s,%s),(%s,%s,%s,%s,%s,%s,%s,%s),(%s,%s,%s,%s,%s,%s,%s,%s),(%s,%s,%s,%s,%s,%s,%s,%s),(%s,%s,%s,%s,%s,%s,%s,%s),(%s,%s,%s,%s,%s,%s,%s,%s),(%s,%s,%s,%s,%s,%s,%s,%s),(%s,%s,%s,%s,%s,%s,%s,%s),(%s,%s,%s,%s,%s,%s,%s,%s),(%s,%s,%s,%s,%s,%s,%s,%s),(%s,%s,%s,%s,%s,%s,%s,%s),(%s,%s,%s,%s,%s,%s,%s...
[0m04:21:05.493958 [debug] [Thread-1 (]: SQL status: INSERT 0 10000 in 0.110 seconds
[0m04:21:26.425436 [debug] [Thread-1 (]: Using postgres connection "seed.retail_dbt_project.online_retail_II"
[0m04:21:26.428685 [debug] [Thread-1 (]: On seed.retail_dbt_project.online_retail_II: 
          insert into "retail_db"."raw"."online_retail_II" ("Invoice", "StockCode", "Description", "Quantity", "InvoiceDate", "Price", "Customer ID", "Country") values
          (%s,%s,%s,%s,%s,%s,%s,%s),(%s,%s,%s,%s,%s,%s,%s,%s),(%s,%s,%s,%s,%s,%s,%s,%s),(%s,%s,%s,%s,%s,%s,%s,%s),(%s,%s,%s,%s,%s,%s,%s,%s),(%s,%s,%s,%s,%s,%s,%s,%s),(%s,%s,%s,%s,%s,%s,%s,%s),(%s,%s,%s,%s,%s,%s,%s,%s),(%s,%s,%s,%s,%s,%s,%s,%s),(%s,%s,%s,%s,%s,%s,%s,%s),(%s,%s,%s,%s,%s,%s,%s,%s),(%s,%s,%s,%s,%s,%s,%s,%s),(%s,%s,%s,%s,%s,%s,%s...
[0m04:21:26.604396 [debug] [Thread-1 (]: SQL status: INSERT 0 10000 in 0.172 seconds
[0m04:21:48.656759 [debug] [Thread-1 (]: Using postgres connection "seed.retail_dbt_project.online_retail_II"
[0m04:21:48.660529 [debug] [Thread-1 (]: On seed.retail_dbt_project.online_retail_II: 
          insert into "retail_db"."raw"."online_retail_II" ("Invoice", "StockCode", "Description", "Quantity", "InvoiceDate", "Price", "Customer ID", "Country") values
          (%s,%s,%s,%s,%s,%s,%s,%s),(%s,%s,%s,%s,%s,%s,%s,%s),(%s,%s,%s,%s,%s,%s,%s,%s),(%s,%s,%s,%s,%s,%s,%s,%s),(%s,%s,%s,%s,%s,%s,%s,%s),(%s,%s,%s,%s,%s,%s,%s,%s),(%s,%s,%s,%s,%s,%s,%s,%s),(%s,%s,%s,%s,%s,%s,%s,%s),(%s,%s,%s,%s,%s,%s,%s,%s),(%s,%s,%s,%s,%s,%s,%s,%s),(%s,%s,%s,%s,%s,%s,%s,%s),(%s,%s,%s,%s,%s,%s,%s,%s),(%s,%s,%s,%s,%s,%s,%s...
[0m04:21:48.845567 [debug] [Thread-1 (]: SQL status: INSERT 0 10000 in 0.182 seconds
[0m04:22:07.973980 [debug] [Thread-1 (]: Using postgres connection "seed.retail_dbt_project.online_retail_II"
[0m04:22:07.977332 [debug] [Thread-1 (]: On seed.retail_dbt_project.online_retail_II: 
          insert into "retail_db"."raw"."online_retail_II" ("Invoice", "StockCode", "Description", "Quantity", "InvoiceDate", "Price", "Customer ID", "Country") values
          (%s,%s,%s,%s,%s,%s,%s,%s),(%s,%s,%s,%s,%s,%s,%s,%s),(%s,%s,%s,%s,%s,%s,%s,%s),(%s,%s,%s,%s,%s,%s,%s,%s),(%s,%s,%s,%s,%s,%s,%s,%s),(%s,%s,%s,%s,%s,%s,%s,%s),(%s,%s,%s,%s,%s,%s,%s,%s),(%s,%s,%s,%s,%s,%s,%s,%s),(%s,%s,%s,%s,%s,%s,%s,%s),(%s,%s,%s,%s,%s,%s,%s,%s),(%s,%s,%s,%s,%s,%s,%s,%s),(%s,%s,%s,%s,%s,%s,%s,%s),(%s,%s,%s,%s,%s,%s,%s...
[0m04:22:08.106073 [debug] [Thread-1 (]: SQL status: INSERT 0 10000 in 0.126 seconds
[0m04:22:24.371548 [debug] [Thread-1 (]: Using postgres connection "seed.retail_dbt_project.online_retail_II"
[0m04:22:24.374518 [debug] [Thread-1 (]: On seed.retail_dbt_project.online_retail_II: 
          insert into "retail_db"."raw"."online_retail_II" ("Invoice", "StockCode", "Description", "Quantity", "InvoiceDate", "Price", "Customer ID", "Country") values
          (%s,%s,%s,%s,%s,%s,%s,%s),(%s,%s,%s,%s,%s,%s,%s,%s),(%s,%s,%s,%s,%s,%s,%s,%s),(%s,%s,%s,%s,%s,%s,%s,%s),(%s,%s,%s,%s,%s,%s,%s,%s),(%s,%s,%s,%s,%s,%s,%s,%s),(%s,%s,%s,%s,%s,%s,%s,%s),(%s,%s,%s,%s,%s,%s,%s,%s),(%s,%s,%s,%s,%s,%s,%s,%s),(%s,%s,%s,%s,%s,%s,%s,%s),(%s,%s,%s,%s,%s,%s,%s,%s),(%s,%s,%s,%s,%s,%s,%s,%s),(%s,%s,%s,%s,%s,%s,%s...
[0m04:22:24.480547 [debug] [Thread-1 (]: SQL status: INSERT 0 10000 in 0.103 seconds
[0m04:22:45.214891 [debug] [Thread-1 (]: Using postgres connection "seed.retail_dbt_project.online_retail_II"
[0m04:22:45.218055 [debug] [Thread-1 (]: On seed.retail_dbt_project.online_retail_II: 
          insert into "retail_db"."raw"."online_retail_II" ("Invoice", "StockCode", "Description", "Quantity", "InvoiceDate", "Price", "Customer ID", "Country") values
          (%s,%s,%s,%s,%s,%s,%s,%s),(%s,%s,%s,%s,%s,%s,%s,%s),(%s,%s,%s,%s,%s,%s,%s,%s),(%s,%s,%s,%s,%s,%s,%s,%s),(%s,%s,%s,%s,%s,%s,%s,%s),(%s,%s,%s,%s,%s,%s,%s,%s),(%s,%s,%s,%s,%s,%s,%s,%s),(%s,%s,%s,%s,%s,%s,%s,%s),(%s,%s,%s,%s,%s,%s,%s,%s),(%s,%s,%s,%s,%s,%s,%s,%s),(%s,%s,%s,%s,%s,%s,%s,%s),(%s,%s,%s,%s,%s,%s,%s,%s),(%s,%s,%s,%s,%s,%s,%s...
[0m04:22:45.366304 [debug] [Thread-1 (]: SQL status: INSERT 0 10000 in 0.146 seconds
[0m04:23:04.014780 [debug] [Thread-1 (]: Using postgres connection "seed.retail_dbt_project.online_retail_II"
[0m04:23:04.018168 [debug] [Thread-1 (]: On seed.retail_dbt_project.online_retail_II: 
          insert into "retail_db"."raw"."online_retail_II" ("Invoice", "StockCode", "Description", "Quantity", "InvoiceDate", "Price", "Customer ID", "Country") values
          (%s,%s,%s,%s,%s,%s,%s,%s),(%s,%s,%s,%s,%s,%s,%s,%s),(%s,%s,%s,%s,%s,%s,%s,%s),(%s,%s,%s,%s,%s,%s,%s,%s),(%s,%s,%s,%s,%s,%s,%s,%s),(%s,%s,%s,%s,%s,%s,%s,%s),(%s,%s,%s,%s,%s,%s,%s,%s),(%s,%s,%s,%s,%s,%s,%s,%s),(%s,%s,%s,%s,%s,%s,%s,%s),(%s,%s,%s,%s,%s,%s,%s,%s),(%s,%s,%s,%s,%s,%s,%s,%s),(%s,%s,%s,%s,%s,%s,%s,%s),(%s,%s,%s,%s,%s,%s,%s...
[0m04:23:04.138345 [debug] [Thread-1 (]: SQL status: INSERT 0 10000 in 0.117 seconds
[0m04:23:21.032710 [debug] [Thread-1 (]: Using postgres connection "seed.retail_dbt_project.online_retail_II"
[0m04:23:21.035360 [debug] [Thread-1 (]: On seed.retail_dbt_project.online_retail_II: 
          insert into "retail_db"."raw"."online_retail_II" ("Invoice", "StockCode", "Description", "Quantity", "InvoiceDate", "Price", "Customer ID", "Country") values
          (%s,%s,%s,%s,%s,%s,%s,%s),(%s,%s,%s,%s,%s,%s,%s,%s),(%s,%s,%s,%s,%s,%s,%s,%s),(%s,%s,%s,%s,%s,%s,%s,%s),(%s,%s,%s,%s,%s,%s,%s,%s),(%s,%s,%s,%s,%s,%s,%s,%s),(%s,%s,%s,%s,%s,%s,%s,%s),(%s,%s,%s,%s,%s,%s,%s,%s),(%s,%s,%s,%s,%s,%s,%s,%s),(%s,%s,%s,%s,%s,%s,%s,%s),(%s,%s,%s,%s,%s,%s,%s,%s),(%s,%s,%s,%s,%s,%s,%s,%s),(%s,%s,%s,%s,%s,%s,%s...
[0m04:23:21.163439 [debug] [Thread-1 (]: SQL status: INSERT 0 10000 in 0.125 seconds
[0m04:23:39.632899 [debug] [Thread-1 (]: Using postgres connection "seed.retail_dbt_project.online_retail_II"
[0m04:23:39.635445 [debug] [Thread-1 (]: On seed.retail_dbt_project.online_retail_II: 
          insert into "retail_db"."raw"."online_retail_II" ("Invoice", "StockCode", "Description", "Quantity", "InvoiceDate", "Price", "Customer ID", "Country") values
          (%s,%s,%s,%s,%s,%s,%s,%s),(%s,%s,%s,%s,%s,%s,%s,%s),(%s,%s,%s,%s,%s,%s,%s,%s),(%s,%s,%s,%s,%s,%s,%s,%s),(%s,%s,%s,%s,%s,%s,%s,%s),(%s,%s,%s,%s,%s,%s,%s,%s),(%s,%s,%s,%s,%s,%s,%s,%s),(%s,%s,%s,%s,%s,%s,%s,%s),(%s,%s,%s,%s,%s,%s,%s,%s),(%s,%s,%s,%s,%s,%s,%s,%s),(%s,%s,%s,%s,%s,%s,%s,%s),(%s,%s,%s,%s,%s,%s,%s,%s),(%s,%s,%s,%s,%s,%s,%s...
[0m04:23:39.769798 [debug] [Thread-1 (]: SQL status: INSERT 0 10000 in 0.132 seconds
[0m04:23:58.493489 [debug] [Thread-1 (]: Using postgres connection "seed.retail_dbt_project.online_retail_II"
[0m04:23:58.496784 [debug] [Thread-1 (]: On seed.retail_dbt_project.online_retail_II: 
          insert into "retail_db"."raw"."online_retail_II" ("Invoice", "StockCode", "Description", "Quantity", "InvoiceDate", "Price", "Customer ID", "Country") values
          (%s,%s,%s,%s,%s,%s,%s,%s),(%s,%s,%s,%s,%s,%s,%s,%s),(%s,%s,%s,%s,%s,%s,%s,%s),(%s,%s,%s,%s,%s,%s,%s,%s),(%s,%s,%s,%s,%s,%s,%s,%s),(%s,%s,%s,%s,%s,%s,%s,%s),(%s,%s,%s,%s,%s,%s,%s,%s),(%s,%s,%s,%s,%s,%s,%s,%s),(%s,%s,%s,%s,%s,%s,%s,%s),(%s,%s,%s,%s,%s,%s,%s,%s),(%s,%s,%s,%s,%s,%s,%s,%s),(%s,%s,%s,%s,%s,%s,%s,%s),(%s,%s,%s,%s,%s,%s,%s...
[0m04:23:58.623291 [debug] [Thread-1 (]: SQL status: INSERT 0 10000 in 0.123 seconds
[0m04:24:18.710057 [debug] [Thread-1 (]: Using postgres connection "seed.retail_dbt_project.online_retail_II"
[0m04:24:18.713720 [debug] [Thread-1 (]: On seed.retail_dbt_project.online_retail_II: 
          insert into "retail_db"."raw"."online_retail_II" ("Invoice", "StockCode", "Description", "Quantity", "InvoiceDate", "Price", "Customer ID", "Country") values
          (%s,%s,%s,%s,%s,%s,%s,%s),(%s,%s,%s,%s,%s,%s,%s,%s),(%s,%s,%s,%s,%s,%s,%s,%s),(%s,%s,%s,%s,%s,%s,%s,%s),(%s,%s,%s,%s,%s,%s,%s,%s),(%s,%s,%s,%s,%s,%s,%s,%s),(%s,%s,%s,%s,%s,%s,%s,%s),(%s,%s,%s,%s,%s,%s,%s,%s),(%s,%s,%s,%s,%s,%s,%s,%s),(%s,%s,%s,%s,%s,%s,%s,%s),(%s,%s,%s,%s,%s,%s,%s,%s),(%s,%s,%s,%s,%s,%s,%s,%s),(%s,%s,%s,%s,%s,%s,%s...
[0m04:24:18.842777 [debug] [Thread-1 (]: SQL status: INSERT 0 10000 in 0.126 seconds
[0m04:24:37.286567 [debug] [Thread-1 (]: Using postgres connection "seed.retail_dbt_project.online_retail_II"
[0m04:24:37.289755 [debug] [Thread-1 (]: On seed.retail_dbt_project.online_retail_II: 
          insert into "retail_db"."raw"."online_retail_II" ("Invoice", "StockCode", "Description", "Quantity", "InvoiceDate", "Price", "Customer ID", "Country") values
          (%s,%s,%s,%s,%s,%s,%s,%s),(%s,%s,%s,%s,%s,%s,%s,%s),(%s,%s,%s,%s,%s,%s,%s,%s),(%s,%s,%s,%s,%s,%s,%s,%s),(%s,%s,%s,%s,%s,%s,%s,%s),(%s,%s,%s,%s,%s,%s,%s,%s),(%s,%s,%s,%s,%s,%s,%s,%s),(%s,%s,%s,%s,%s,%s,%s,%s),(%s,%s,%s,%s,%s,%s,%s,%s),(%s,%s,%s,%s,%s,%s,%s,%s),(%s,%s,%s,%s,%s,%s,%s,%s),(%s,%s,%s,%s,%s,%s,%s,%s),(%s,%s,%s,%s,%s,%s,%s...
[0m04:24:37.425762 [debug] [Thread-1 (]: SQL status: INSERT 0 10000 in 0.133 seconds
[0m04:24:55.557460 [debug] [Thread-1 (]: Using postgres connection "seed.retail_dbt_project.online_retail_II"
[0m04:24:55.560267 [debug] [Thread-1 (]: On seed.retail_dbt_project.online_retail_II: 
          insert into "retail_db"."raw"."online_retail_II" ("Invoice", "StockCode", "Description", "Quantity", "InvoiceDate", "Price", "Customer ID", "Country") values
          (%s,%s,%s,%s,%s,%s,%s,%s),(%s,%s,%s,%s,%s,%s,%s,%s),(%s,%s,%s,%s,%s,%s,%s,%s),(%s,%s,%s,%s,%s,%s,%s,%s),(%s,%s,%s,%s,%s,%s,%s,%s),(%s,%s,%s,%s,%s,%s,%s,%s),(%s,%s,%s,%s,%s,%s,%s,%s),(%s,%s,%s,%s,%s,%s,%s,%s),(%s,%s,%s,%s,%s,%s,%s,%s),(%s,%s,%s,%s,%s,%s,%s,%s),(%s,%s,%s,%s,%s,%s,%s,%s),(%s,%s,%s,%s,%s,%s,%s,%s),(%s,%s,%s,%s,%s,%s,%s...
[0m04:24:55.698259 [debug] [Thread-1 (]: SQL status: INSERT 0 10000 in 0.135 seconds
[0m04:25:13.866124 [debug] [Thread-1 (]: Using postgres connection "seed.retail_dbt_project.online_retail_II"
[0m04:25:13.868730 [debug] [Thread-1 (]: On seed.retail_dbt_project.online_retail_II: 
          insert into "retail_db"."raw"."online_retail_II" ("Invoice", "StockCode", "Description", "Quantity", "InvoiceDate", "Price", "Customer ID", "Country") values
          (%s,%s,%s,%s,%s,%s,%s,%s),(%s,%s,%s,%s,%s,%s,%s,%s),(%s,%s,%s,%s,%s,%s,%s,%s),(%s,%s,%s,%s,%s,%s,%s,%s),(%s,%s,%s,%s,%s,%s,%s,%s),(%s,%s,%s,%s,%s,%s,%s,%s),(%s,%s,%s,%s,%s,%s,%s,%s),(%s,%s,%s,%s,%s,%s,%s,%s),(%s,%s,%s,%s,%s,%s,%s,%s),(%s,%s,%s,%s,%s,%s,%s,%s),(%s,%s,%s,%s,%s,%s,%s,%s),(%s,%s,%s,%s,%s,%s,%s,%s),(%s,%s,%s,%s,%s,%s,%s...
[0m04:25:14.000647 [debug] [Thread-1 (]: SQL status: INSERT 0 10000 in 0.130 seconds
[0m04:25:32.280982 [debug] [Thread-1 (]: Using postgres connection "seed.retail_dbt_project.online_retail_II"
[0m04:25:32.284187 [debug] [Thread-1 (]: On seed.retail_dbt_project.online_retail_II: 
          insert into "retail_db"."raw"."online_retail_II" ("Invoice", "StockCode", "Description", "Quantity", "InvoiceDate", "Price", "Customer ID", "Country") values
          (%s,%s,%s,%s,%s,%s,%s,%s),(%s,%s,%s,%s,%s,%s,%s,%s),(%s,%s,%s,%s,%s,%s,%s,%s),(%s,%s,%s,%s,%s,%s,%s,%s),(%s,%s,%s,%s,%s,%s,%s,%s),(%s,%s,%s,%s,%s,%s,%s,%s),(%s,%s,%s,%s,%s,%s,%s,%s),(%s,%s,%s,%s,%s,%s,%s,%s),(%s,%s,%s,%s,%s,%s,%s,%s),(%s,%s,%s,%s,%s,%s,%s,%s),(%s,%s,%s,%s,%s,%s,%s,%s),(%s,%s,%s,%s,%s,%s,%s,%s),(%s,%s,%s,%s,%s,%s,%s...
[0m04:25:32.423535 [debug] [Thread-1 (]: SQL status: INSERT 0 10000 in 0.136 seconds
[0m04:25:50.634861 [debug] [Thread-1 (]: Using postgres connection "seed.retail_dbt_project.online_retail_II"
[0m04:25:50.637953 [debug] [Thread-1 (]: On seed.retail_dbt_project.online_retail_II: 
          insert into "retail_db"."raw"."online_retail_II" ("Invoice", "StockCode", "Description", "Quantity", "InvoiceDate", "Price", "Customer ID", "Country") values
          (%s,%s,%s,%s,%s,%s,%s,%s),(%s,%s,%s,%s,%s,%s,%s,%s),(%s,%s,%s,%s,%s,%s,%s,%s),(%s,%s,%s,%s,%s,%s,%s,%s),(%s,%s,%s,%s,%s,%s,%s,%s),(%s,%s,%s,%s,%s,%s,%s,%s),(%s,%s,%s,%s,%s,%s,%s,%s),(%s,%s,%s,%s,%s,%s,%s,%s),(%s,%s,%s,%s,%s,%s,%s,%s),(%s,%s,%s,%s,%s,%s,%s,%s),(%s,%s,%s,%s,%s,%s,%s,%s),(%s,%s,%s,%s,%s,%s,%s,%s),(%s,%s,%s,%s,%s,%s,%s...
[0m04:25:50.775258 [debug] [Thread-1 (]: SQL status: INSERT 0 10000 in 0.134 seconds
[0m04:26:09.048477 [debug] [Thread-1 (]: Using postgres connection "seed.retail_dbt_project.online_retail_II"
[0m04:26:09.051429 [debug] [Thread-1 (]: On seed.retail_dbt_project.online_retail_II: 
          insert into "retail_db"."raw"."online_retail_II" ("Invoice", "StockCode", "Description", "Quantity", "InvoiceDate", "Price", "Customer ID", "Country") values
          (%s,%s,%s,%s,%s,%s,%s,%s),(%s,%s,%s,%s,%s,%s,%s,%s),(%s,%s,%s,%s,%s,%s,%s,%s),(%s,%s,%s,%s,%s,%s,%s,%s),(%s,%s,%s,%s,%s,%s,%s,%s),(%s,%s,%s,%s,%s,%s,%s,%s),(%s,%s,%s,%s,%s,%s,%s,%s),(%s,%s,%s,%s,%s,%s,%s,%s),(%s,%s,%s,%s,%s,%s,%s,%s),(%s,%s,%s,%s,%s,%s,%s,%s),(%s,%s,%s,%s,%s,%s,%s,%s),(%s,%s,%s,%s,%s,%s,%s,%s),(%s,%s,%s,%s,%s,%s,%s...
[0m04:26:09.185009 [debug] [Thread-1 (]: SQL status: INSERT 0 10000 in 0.131 seconds
[0m04:26:27.353917 [debug] [Thread-1 (]: Using postgres connection "seed.retail_dbt_project.online_retail_II"
[0m04:26:27.356810 [debug] [Thread-1 (]: On seed.retail_dbt_project.online_retail_II: 
          insert into "retail_db"."raw"."online_retail_II" ("Invoice", "StockCode", "Description", "Quantity", "InvoiceDate", "Price", "Customer ID", "Country") values
          (%s,%s,%s,%s,%s,%s,%s,%s),(%s,%s,%s,%s,%s,%s,%s,%s),(%s,%s,%s,%s,%s,%s,%s,%s),(%s,%s,%s,%s,%s,%s,%s,%s),(%s,%s,%s,%s,%s,%s,%s,%s),(%s,%s,%s,%s,%s,%s,%s,%s),(%s,%s,%s,%s,%s,%s,%s,%s),(%s,%s,%s,%s,%s,%s,%s,%s),(%s,%s,%s,%s,%s,%s,%s,%s),(%s,%s,%s,%s,%s,%s,%s,%s),(%s,%s,%s,%s,%s,%s,%s,%s),(%s,%s,%s,%s,%s,%s,%s,%s),(%s,%s,%s,%s,%s,%s,%s...
[0m04:26:27.496427 [debug] [Thread-1 (]: SQL status: INSERT 0 10000 in 0.137 seconds
[0m04:26:45.722999 [debug] [Thread-1 (]: Using postgres connection "seed.retail_dbt_project.online_retail_II"
[0m04:26:45.726013 [debug] [Thread-1 (]: On seed.retail_dbt_project.online_retail_II: 
          insert into "retail_db"."raw"."online_retail_II" ("Invoice", "StockCode", "Description", "Quantity", "InvoiceDate", "Price", "Customer ID", "Country") values
          (%s,%s,%s,%s,%s,%s,%s,%s),(%s,%s,%s,%s,%s,%s,%s,%s),(%s,%s,%s,%s,%s,%s,%s,%s),(%s,%s,%s,%s,%s,%s,%s,%s),(%s,%s,%s,%s,%s,%s,%s,%s),(%s,%s,%s,%s,%s,%s,%s,%s),(%s,%s,%s,%s,%s,%s,%s,%s),(%s,%s,%s,%s,%s,%s,%s,%s),(%s,%s,%s,%s,%s,%s,%s,%s),(%s,%s,%s,%s,%s,%s,%s,%s),(%s,%s,%s,%s,%s,%s,%s,%s),(%s,%s,%s,%s,%s,%s,%s,%s),(%s,%s,%s,%s,%s,%s,%s...
[0m04:26:45.857276 [debug] [Thread-1 (]: SQL status: INSERT 0 10000 in 0.129 seconds
[0m04:27:03.916587 [debug] [Thread-1 (]: Using postgres connection "seed.retail_dbt_project.online_retail_II"
[0m04:27:03.920033 [debug] [Thread-1 (]: On seed.retail_dbt_project.online_retail_II: 
          insert into "retail_db"."raw"."online_retail_II" ("Invoice", "StockCode", "Description", "Quantity", "InvoiceDate", "Price", "Customer ID", "Country") values
          (%s,%s,%s,%s,%s,%s,%s,%s),(%s,%s,%s,%s,%s,%s,%s,%s),(%s,%s,%s,%s,%s,%s,%s,%s),(%s,%s,%s,%s,%s,%s,%s,%s),(%s,%s,%s,%s,%s,%s,%s,%s),(%s,%s,%s,%s,%s,%s,%s,%s),(%s,%s,%s,%s,%s,%s,%s,%s),(%s,%s,%s,%s,%s,%s,%s,%s),(%s,%s,%s,%s,%s,%s,%s,%s),(%s,%s,%s,%s,%s,%s,%s,%s),(%s,%s,%s,%s,%s,%s,%s,%s),(%s,%s,%s,%s,%s,%s,%s,%s),(%s,%s,%s,%s,%s,%s,%s...
[0m04:27:04.058194 [debug] [Thread-1 (]: SQL status: INSERT 0 10000 in 0.135 seconds
[0m04:27:22.064901 [debug] [Thread-1 (]: Using postgres connection "seed.retail_dbt_project.online_retail_II"
[0m04:27:22.068191 [debug] [Thread-1 (]: On seed.retail_dbt_project.online_retail_II: 
          insert into "retail_db"."raw"."online_retail_II" ("Invoice", "StockCode", "Description", "Quantity", "InvoiceDate", "Price", "Customer ID", "Country") values
          (%s,%s,%s,%s,%s,%s,%s,%s),(%s,%s,%s,%s,%s,%s,%s,%s),(%s,%s,%s,%s,%s,%s,%s,%s),(%s,%s,%s,%s,%s,%s,%s,%s),(%s,%s,%s,%s,%s,%s,%s,%s),(%s,%s,%s,%s,%s,%s,%s,%s),(%s,%s,%s,%s,%s,%s,%s,%s),(%s,%s,%s,%s,%s,%s,%s,%s),(%s,%s,%s,%s,%s,%s,%s,%s),(%s,%s,%s,%s,%s,%s,%s,%s),(%s,%s,%s,%s,%s,%s,%s,%s),(%s,%s,%s,%s,%s,%s,%s,%s),(%s,%s,%s,%s,%s,%s,%s...
[0m04:27:22.216591 [debug] [Thread-1 (]: SQL status: INSERT 0 10000 in 0.145 seconds
[0m04:27:40.425223 [debug] [Thread-1 (]: Using postgres connection "seed.retail_dbt_project.online_retail_II"
[0m04:27:40.428319 [debug] [Thread-1 (]: On seed.retail_dbt_project.online_retail_II: 
          insert into "retail_db"."raw"."online_retail_II" ("Invoice", "StockCode", "Description", "Quantity", "InvoiceDate", "Price", "Customer ID", "Country") values
          (%s,%s,%s,%s,%s,%s,%s,%s),(%s,%s,%s,%s,%s,%s,%s,%s),(%s,%s,%s,%s,%s,%s,%s,%s),(%s,%s,%s,%s,%s,%s,%s,%s),(%s,%s,%s,%s,%s,%s,%s,%s),(%s,%s,%s,%s,%s,%s,%s,%s),(%s,%s,%s,%s,%s,%s,%s,%s),(%s,%s,%s,%s,%s,%s,%s,%s),(%s,%s,%s,%s,%s,%s,%s,%s),(%s,%s,%s,%s,%s,%s,%s,%s),(%s,%s,%s,%s,%s,%s,%s,%s),(%s,%s,%s,%s,%s,%s,%s,%s),(%s,%s,%s,%s,%s,%s,%s...
[0m04:27:40.573000 [debug] [Thread-1 (]: SQL status: INSERT 0 10000 in 0.142 seconds
[0m04:27:58.837115 [debug] [Thread-1 (]: Using postgres connection "seed.retail_dbt_project.online_retail_II"
[0m04:27:58.840947 [debug] [Thread-1 (]: On seed.retail_dbt_project.online_retail_II: 
          insert into "retail_db"."raw"."online_retail_II" ("Invoice", "StockCode", "Description", "Quantity", "InvoiceDate", "Price", "Customer ID", "Country") values
          (%s,%s,%s,%s,%s,%s,%s,%s),(%s,%s,%s,%s,%s,%s,%s,%s),(%s,%s,%s,%s,%s,%s,%s,%s),(%s,%s,%s,%s,%s,%s,%s,%s),(%s,%s,%s,%s,%s,%s,%s,%s),(%s,%s,%s,%s,%s,%s,%s,%s),(%s,%s,%s,%s,%s,%s,%s,%s),(%s,%s,%s,%s,%s,%s,%s,%s),(%s,%s,%s,%s,%s,%s,%s,%s),(%s,%s,%s,%s,%s,%s,%s,%s),(%s,%s,%s,%s,%s,%s,%s,%s),(%s,%s,%s,%s,%s,%s,%s,%s),(%s,%s,%s,%s,%s,%s,%s...
[0m04:27:58.973073 [debug] [Thread-1 (]: SQL status: INSERT 0 10000 in 0.129 seconds
[0m04:28:23.236056 [debug] [Thread-1 (]: Using postgres connection "seed.retail_dbt_project.online_retail_II"
[0m04:28:23.238672 [debug] [Thread-1 (]: On seed.retail_dbt_project.online_retail_II: 
          insert into "retail_db"."raw"."online_retail_II" ("Invoice", "StockCode", "Description", "Quantity", "InvoiceDate", "Price", "Customer ID", "Country") values
          (%s,%s,%s,%s,%s,%s,%s,%s),(%s,%s,%s,%s,%s,%s,%s,%s),(%s,%s,%s,%s,%s,%s,%s,%s),(%s,%s,%s,%s,%s,%s,%s,%s),(%s,%s,%s,%s,%s,%s,%s,%s),(%s,%s,%s,%s,%s,%s,%s,%s),(%s,%s,%s,%s,%s,%s,%s,%s),(%s,%s,%s,%s,%s,%s,%s,%s),(%s,%s,%s,%s,%s,%s,%s,%s),(%s,%s,%s,%s,%s,%s,%s,%s),(%s,%s,%s,%s,%s,%s,%s,%s),(%s,%s,%s,%s,%s,%s,%s,%s),(%s,%s,%s,%s,%s,%s,%s...
[0m04:28:23.384322 [debug] [Thread-1 (]: SQL status: INSERT 0 10000 in 0.143 seconds
[0m04:28:46.727903 [debug] [Thread-1 (]: Using postgres connection "seed.retail_dbt_project.online_retail_II"
[0m04:28:46.731915 [debug] [Thread-1 (]: On seed.retail_dbt_project.online_retail_II: 
          insert into "retail_db"."raw"."online_retail_II" ("Invoice", "StockCode", "Description", "Quantity", "InvoiceDate", "Price", "Customer ID", "Country") values
          (%s,%s,%s,%s,%s,%s,%s,%s),(%s,%s,%s,%s,%s,%s,%s,%s),(%s,%s,%s,%s,%s,%s,%s,%s),(%s,%s,%s,%s,%s,%s,%s,%s),(%s,%s,%s,%s,%s,%s,%s,%s),(%s,%s,%s,%s,%s,%s,%s,%s),(%s,%s,%s,%s,%s,%s,%s,%s),(%s,%s,%s,%s,%s,%s,%s,%s),(%s,%s,%s,%s,%s,%s,%s,%s),(%s,%s,%s,%s,%s,%s,%s,%s),(%s,%s,%s,%s,%s,%s,%s,%s),(%s,%s,%s,%s,%s,%s,%s,%s),(%s,%s,%s,%s,%s,%s,%s...
[0m04:28:47.003300 [debug] [Thread-1 (]: SQL status: INSERT 0 10000 in 0.268 seconds
[0m04:29:09.295791 [debug] [Thread-1 (]: Using postgres connection "seed.retail_dbt_project.online_retail_II"
[0m04:29:09.299393 [debug] [Thread-1 (]: On seed.retail_dbt_project.online_retail_II: 
          insert into "retail_db"."raw"."online_retail_II" ("Invoice", "StockCode", "Description", "Quantity", "InvoiceDate", "Price", "Customer ID", "Country") values
          (%s,%s,%s,%s,%s,%s,%s,%s),(%s,%s,%s,%s,%s,%s,%s,%s),(%s,%s,%s,%s,%s,%s,%s,%s),(%s,%s,%s,%s,%s,%s,%s,%s),(%s,%s,%s,%s,%s,%s,%s,%s),(%s,%s,%s,%s,%s,%s,%s,%s),(%s,%s,%s,%s,%s,%s,%s,%s),(%s,%s,%s,%s,%s,%s,%s,%s),(%s,%s,%s,%s,%s,%s,%s,%s),(%s,%s,%s,%s,%s,%s,%s,%s),(%s,%s,%s,%s,%s,%s,%s,%s),(%s,%s,%s,%s,%s,%s,%s,%s),(%s,%s,%s,%s,%s,%s,%s...
[0m04:29:09.531681 [debug] [Thread-1 (]: SQL status: INSERT 0 10000 in 0.230 seconds
[0m04:29:27.994348 [debug] [Thread-1 (]: Using postgres connection "seed.retail_dbt_project.online_retail_II"
[0m04:29:27.997617 [debug] [Thread-1 (]: On seed.retail_dbt_project.online_retail_II: 
          insert into "retail_db"."raw"."online_retail_II" ("Invoice", "StockCode", "Description", "Quantity", "InvoiceDate", "Price", "Customer ID", "Country") values
          (%s,%s,%s,%s,%s,%s,%s,%s),(%s,%s,%s,%s,%s,%s,%s,%s),(%s,%s,%s,%s,%s,%s,%s,%s),(%s,%s,%s,%s,%s,%s,%s,%s),(%s,%s,%s,%s,%s,%s,%s,%s),(%s,%s,%s,%s,%s,%s,%s,%s),(%s,%s,%s,%s,%s,%s,%s,%s),(%s,%s,%s,%s,%s,%s,%s,%s),(%s,%s,%s,%s,%s,%s,%s,%s),(%s,%s,%s,%s,%s,%s,%s,%s),(%s,%s,%s,%s,%s,%s,%s,%s),(%s,%s,%s,%s,%s,%s,%s,%s),(%s,%s,%s,%s,%s,%s,%s...
[0m04:29:28.152355 [debug] [Thread-1 (]: SQL status: INSERT 0 10000 in 0.152 seconds
[0m04:29:46.390535 [debug] [Thread-1 (]: Using postgres connection "seed.retail_dbt_project.online_retail_II"
[0m04:29:46.393886 [debug] [Thread-1 (]: On seed.retail_dbt_project.online_retail_II: 
          insert into "retail_db"."raw"."online_retail_II" ("Invoice", "StockCode", "Description", "Quantity", "InvoiceDate", "Price", "Customer ID", "Country") values
          (%s,%s,%s,%s,%s,%s,%s,%s),(%s,%s,%s,%s,%s,%s,%s,%s),(%s,%s,%s,%s,%s,%s,%s,%s),(%s,%s,%s,%s,%s,%s,%s,%s),(%s,%s,%s,%s,%s,%s,%s,%s),(%s,%s,%s,%s,%s,%s,%s,%s),(%s,%s,%s,%s,%s,%s,%s,%s),(%s,%s,%s,%s,%s,%s,%s,%s),(%s,%s,%s,%s,%s,%s,%s,%s),(%s,%s,%s,%s,%s,%s,%s,%s),(%s,%s,%s,%s,%s,%s,%s,%s),(%s,%s,%s,%s,%s,%s,%s,%s),(%s,%s,%s,%s,%s,%s,%s...
[0m04:29:46.540740 [debug] [Thread-1 (]: SQL status: INSERT 0 10000 in 0.144 seconds
[0m04:30:04.938472 [debug] [Thread-1 (]: Using postgres connection "seed.retail_dbt_project.online_retail_II"
[0m04:30:04.942352 [debug] [Thread-1 (]: On seed.retail_dbt_project.online_retail_II: 
          insert into "retail_db"."raw"."online_retail_II" ("Invoice", "StockCode", "Description", "Quantity", "InvoiceDate", "Price", "Customer ID", "Country") values
          (%s,%s,%s,%s,%s,%s,%s,%s),(%s,%s,%s,%s,%s,%s,%s,%s),(%s,%s,%s,%s,%s,%s,%s,%s),(%s,%s,%s,%s,%s,%s,%s,%s),(%s,%s,%s,%s,%s,%s,%s,%s),(%s,%s,%s,%s,%s,%s,%s,%s),(%s,%s,%s,%s,%s,%s,%s,%s),(%s,%s,%s,%s,%s,%s,%s,%s),(%s,%s,%s,%s,%s,%s,%s,%s),(%s,%s,%s,%s,%s,%s,%s,%s),(%s,%s,%s,%s,%s,%s,%s,%s),(%s,%s,%s,%s,%s,%s,%s,%s),(%s,%s,%s,%s,%s,%s,%s...
[0m04:30:05.081458 [debug] [Thread-1 (]: SQL status: INSERT 0 10000 in 0.135 seconds
[0m04:30:23.233481 [debug] [Thread-1 (]: Using postgres connection "seed.retail_dbt_project.online_retail_II"
[0m04:30:23.237161 [debug] [Thread-1 (]: On seed.retail_dbt_project.online_retail_II: 
          insert into "retail_db"."raw"."online_retail_II" ("Invoice", "StockCode", "Description", "Quantity", "InvoiceDate", "Price", "Customer ID", "Country") values
          (%s,%s,%s,%s,%s,%s,%s,%s),(%s,%s,%s,%s,%s,%s,%s,%s),(%s,%s,%s,%s,%s,%s,%s,%s),(%s,%s,%s,%s,%s,%s,%s,%s),(%s,%s,%s,%s,%s,%s,%s,%s),(%s,%s,%s,%s,%s,%s,%s,%s),(%s,%s,%s,%s,%s,%s,%s,%s),(%s,%s,%s,%s,%s,%s,%s,%s),(%s,%s,%s,%s,%s,%s,%s,%s),(%s,%s,%s,%s,%s,%s,%s,%s),(%s,%s,%s,%s,%s,%s,%s,%s),(%s,%s,%s,%s,%s,%s,%s,%s),(%s,%s,%s,%s,%s,%s,%s...
[0m04:30:23.381737 [debug] [Thread-1 (]: SQL status: INSERT 0 10000 in 0.142 seconds
[0m04:30:41.750876 [debug] [Thread-1 (]: Using postgres connection "seed.retail_dbt_project.online_retail_II"
[0m04:30:41.754952 [debug] [Thread-1 (]: On seed.retail_dbt_project.online_retail_II: 
          insert into "retail_db"."raw"."online_retail_II" ("Invoice", "StockCode", "Description", "Quantity", "InvoiceDate", "Price", "Customer ID", "Country") values
          (%s,%s,%s,%s,%s,%s,%s,%s),(%s,%s,%s,%s,%s,%s,%s,%s),(%s,%s,%s,%s,%s,%s,%s,%s),(%s,%s,%s,%s,%s,%s,%s,%s),(%s,%s,%s,%s,%s,%s,%s,%s),(%s,%s,%s,%s,%s,%s,%s,%s),(%s,%s,%s,%s,%s,%s,%s,%s),(%s,%s,%s,%s,%s,%s,%s,%s),(%s,%s,%s,%s,%s,%s,%s,%s),(%s,%s,%s,%s,%s,%s,%s,%s),(%s,%s,%s,%s,%s,%s,%s,%s),(%s,%s,%s,%s,%s,%s,%s,%s),(%s,%s,%s,%s,%s,%s,%s...
[0m04:30:41.892986 [debug] [Thread-1 (]: SQL status: INSERT 0 10000 in 0.135 seconds
[0m04:31:00.129446 [debug] [Thread-1 (]: Using postgres connection "seed.retail_dbt_project.online_retail_II"
[0m04:31:00.132271 [debug] [Thread-1 (]: On seed.retail_dbt_project.online_retail_II: 
          insert into "retail_db"."raw"."online_retail_II" ("Invoice", "StockCode", "Description", "Quantity", "InvoiceDate", "Price", "Customer ID", "Country") values
          (%s,%s,%s,%s,%s,%s,%s,%s),(%s,%s,%s,%s,%s,%s,%s,%s),(%s,%s,%s,%s,%s,%s,%s,%s),(%s,%s,%s,%s,%s,%s,%s,%s),(%s,%s,%s,%s,%s,%s,%s,%s),(%s,%s,%s,%s,%s,%s,%s,%s),(%s,%s,%s,%s,%s,%s,%s,%s),(%s,%s,%s,%s,%s,%s,%s,%s),(%s,%s,%s,%s,%s,%s,%s,%s),(%s,%s,%s,%s,%s,%s,%s,%s),(%s,%s,%s,%s,%s,%s,%s,%s),(%s,%s,%s,%s,%s,%s,%s,%s),(%s,%s,%s,%s,%s,%s,%s...
[0m04:31:00.271623 [debug] [Thread-1 (]: SQL status: INSERT 0 10000 in 0.137 seconds
[0m04:31:18.299584 [debug] [Thread-1 (]: Using postgres connection "seed.retail_dbt_project.online_retail_II"
[0m04:31:18.302661 [debug] [Thread-1 (]: On seed.retail_dbt_project.online_retail_II: 
          insert into "retail_db"."raw"."online_retail_II" ("Invoice", "StockCode", "Description", "Quantity", "InvoiceDate", "Price", "Customer ID", "Country") values
          (%s,%s,%s,%s,%s,%s,%s,%s),(%s,%s,%s,%s,%s,%s,%s,%s),(%s,%s,%s,%s,%s,%s,%s,%s),(%s,%s,%s,%s,%s,%s,%s,%s),(%s,%s,%s,%s,%s,%s,%s,%s),(%s,%s,%s,%s,%s,%s,%s,%s),(%s,%s,%s,%s,%s,%s,%s,%s),(%s,%s,%s,%s,%s,%s,%s,%s),(%s,%s,%s,%s,%s,%s,%s,%s),(%s,%s,%s,%s,%s,%s,%s,%s),(%s,%s,%s,%s,%s,%s,%s,%s),(%s,%s,%s,%s,%s,%s,%s,%s),(%s,%s,%s,%s,%s,%s,%s...
[0m04:31:18.435965 [debug] [Thread-1 (]: SQL status: INSERT 0 10000 in 0.131 seconds
[0m04:31:36.419120 [debug] [Thread-1 (]: Using postgres connection "seed.retail_dbt_project.online_retail_II"
[0m04:31:36.422602 [debug] [Thread-1 (]: On seed.retail_dbt_project.online_retail_II: 
          insert into "retail_db"."raw"."online_retail_II" ("Invoice", "StockCode", "Description", "Quantity", "InvoiceDate", "Price", "Customer ID", "Country") values
          (%s,%s,%s,%s,%s,%s,%s,%s),(%s,%s,%s,%s,%s,%s,%s,%s),(%s,%s,%s,%s,%s,%s,%s,%s),(%s,%s,%s,%s,%s,%s,%s,%s),(%s,%s,%s,%s,%s,%s,%s,%s),(%s,%s,%s,%s,%s,%s,%s,%s),(%s,%s,%s,%s,%s,%s,%s,%s),(%s,%s,%s,%s,%s,%s,%s,%s),(%s,%s,%s,%s,%s,%s,%s,%s),(%s,%s,%s,%s,%s,%s,%s,%s),(%s,%s,%s,%s,%s,%s,%s,%s),(%s,%s,%s,%s,%s,%s,%s,%s),(%s,%s,%s,%s,%s,%s,%s...
[0m04:31:36.562034 [debug] [Thread-1 (]: SQL status: INSERT 0 10000 in 0.136 seconds
[0m04:31:54.640986 [debug] [Thread-1 (]: Using postgres connection "seed.retail_dbt_project.online_retail_II"
[0m04:31:54.644420 [debug] [Thread-1 (]: On seed.retail_dbt_project.online_retail_II: 
          insert into "retail_db"."raw"."online_retail_II" ("Invoice", "StockCode", "Description", "Quantity", "InvoiceDate", "Price", "Customer ID", "Country") values
          (%s,%s,%s,%s,%s,%s,%s,%s),(%s,%s,%s,%s,%s,%s,%s,%s),(%s,%s,%s,%s,%s,%s,%s,%s),(%s,%s,%s,%s,%s,%s,%s,%s),(%s,%s,%s,%s,%s,%s,%s,%s),(%s,%s,%s,%s,%s,%s,%s,%s),(%s,%s,%s,%s,%s,%s,%s,%s),(%s,%s,%s,%s,%s,%s,%s,%s),(%s,%s,%s,%s,%s,%s,%s,%s),(%s,%s,%s,%s,%s,%s,%s,%s),(%s,%s,%s,%s,%s,%s,%s,%s),(%s,%s,%s,%s,%s,%s,%s,%s),(%s,%s,%s,%s,%s,%s,%s...
[0m04:31:54.791288 [debug] [Thread-1 (]: SQL status: INSERT 0 10000 in 0.143 seconds
[0m04:32:12.933319 [debug] [Thread-1 (]: Using postgres connection "seed.retail_dbt_project.online_retail_II"
[0m04:32:12.936569 [debug] [Thread-1 (]: On seed.retail_dbt_project.online_retail_II: 
          insert into "retail_db"."raw"."online_retail_II" ("Invoice", "StockCode", "Description", "Quantity", "InvoiceDate", "Price", "Customer ID", "Country") values
          (%s,%s,%s,%s,%s,%s,%s,%s),(%s,%s,%s,%s,%s,%s,%s,%s),(%s,%s,%s,%s,%s,%s,%s,%s),(%s,%s,%s,%s,%s,%s,%s,%s),(%s,%s,%s,%s,%s,%s,%s,%s),(%s,%s,%s,%s,%s,%s,%s,%s),(%s,%s,%s,%s,%s,%s,%s,%s),(%s,%s,%s,%s,%s,%s,%s,%s),(%s,%s,%s,%s,%s,%s,%s,%s),(%s,%s,%s,%s,%s,%s,%s,%s),(%s,%s,%s,%s,%s,%s,%s,%s),(%s,%s,%s,%s,%s,%s,%s,%s),(%s,%s,%s,%s,%s,%s,%s...
[0m04:32:13.067708 [debug] [Thread-1 (]: SQL status: INSERT 0 10000 in 0.128 seconds
[0m04:32:30.879593 [debug] [Thread-1 (]: Using postgres connection "seed.retail_dbt_project.online_retail_II"
[0m04:32:30.882913 [debug] [Thread-1 (]: On seed.retail_dbt_project.online_retail_II: 
          insert into "retail_db"."raw"."online_retail_II" ("Invoice", "StockCode", "Description", "Quantity", "InvoiceDate", "Price", "Customer ID", "Country") values
          (%s,%s,%s,%s,%s,%s,%s,%s),(%s,%s,%s,%s,%s,%s,%s,%s),(%s,%s,%s,%s,%s,%s,%s,%s),(%s,%s,%s,%s,%s,%s,%s,%s),(%s,%s,%s,%s,%s,%s,%s,%s),(%s,%s,%s,%s,%s,%s,%s,%s),(%s,%s,%s,%s,%s,%s,%s,%s),(%s,%s,%s,%s,%s,%s,%s,%s),(%s,%s,%s,%s,%s,%s,%s,%s),(%s,%s,%s,%s,%s,%s,%s,%s),(%s,%s,%s,%s,%s,%s,%s,%s),(%s,%s,%s,%s,%s,%s,%s,%s),(%s,%s,%s,%s,%s,%s,%s...
[0m04:32:30.991393 [debug] [Thread-1 (]: SQL status: INSERT 0 10000 in 0.106 seconds
[0m04:32:34.058661 [debug] [Thread-1 (]: Using postgres connection "seed.retail_dbt_project.online_retail_II"
[0m04:32:34.061720 [debug] [Thread-1 (]: On seed.retail_dbt_project.online_retail_II: 
          insert into "retail_db"."raw"."online_retail_II" ("Invoice", "StockCode", "Description", "Quantity", "InvoiceDate", "Price", "Customer ID", "Country") values
          (%s,%s,%s,%s,%s,%s,%s,%s),(%s,%s,%s,%s,%s,%s,%s,%s),(%s,%s,%s,%s,%s,%s,%s,%s),(%s,%s,%s,%s,%s,%s,%s,%s),(%s,%s,%s,%s,%s,%s,%s,%s),(%s,%s,%s,%s,%s,%s,%s,%s),(%s,%s,%s,%s,%s,%s,%s,%s),(%s,%s,%s,%s,%s,%s,%s,%s),(%s,%s,%s,%s,%s,%s,%s,%s),(%s,%s,%s,%s,%s,%s,%s,%s),(%s,%s,%s,%s,%s,%s,%s,%s),(%s,%s,%s,%s,%s,%s,%s,%s),(%s,%s,%s,%s,%s,%s,%s...
[0m04:32:34.082935 [debug] [Thread-1 (]: SQL status: INSERT 0 1910 in 0.019 seconds
[0m04:32:34.095815 [debug] [Thread-1 (]: Writing runtime SQL for node "seed.retail_dbt_project.online_retail_II"
[0m04:32:34.151533 [debug] [Thread-1 (]: On seed.retail_dbt_project.online_retail_II: COMMIT
[0m04:32:34.154503 [debug] [Thread-1 (]: Using postgres connection "seed.retail_dbt_project.online_retail_II"
[0m04:32:34.156931 [debug] [Thread-1 (]: On seed.retail_dbt_project.online_retail_II: COMMIT
[0m04:32:34.163619 [debug] [Thread-1 (]: SQL status: COMMIT in 0.003 seconds
[0m04:32:34.164794 [debug] [Thread-1 (]: Postgres adapter: Postgres error: duplicate key value violates unique constraint "pg_type_typname_nsp_index"
DETAIL:  Key (typname, typnamespace)=(online_retail_II, 16994) already exists.

[0m04:32:34.164781 [debug] [Thread-1 (]: Postgres adapter: Postgres error: duplicate key value violates unique constraint "pg_type_typname_nsp_index"
DETAIL:  Key (typname, typnamespace)=(online_retail_II, 16994) already exists.

[0m04:32:34.168019 [debug] [Thread-1 (]: On seed.retail_dbt_project.online_retail_II: ROLLBACK
[0m04:32:34.168369 [debug] [Thread-1 (]: On seed.retail_dbt_project.online_retail_II: Close
[0m04:32:34.168094 [debug] [Thread-1 (]: On seed.retail_dbt_project.online_retail_II: ROLLBACK
[0m04:32:34.171507 [debug] [Thread-1 (]: On seed.retail_dbt_project.online_retail_II: Close
[0m04:32:34.171697 [debug] [Thread-1 (]: On seed.retail_dbt_project.online_retail_II: Close
[0m04:32:34.174724 [debug] [Thread-1 (]: Sending event: {'category': 'dbt', 'action': 'run_model', 'label': '943c0c5a-5898-4ec7-9ce7-7592acff3c52', 'context': [<snowplow_tracker.self_describing_json.SelfDescribingJson object at 0x7f46a793ea70>]}
[0m04:32:34.178257 [info ] [Thread-1 (]: 1 of 1 OK loaded seed file raw.online_retail_II ................................ [[32mINSERT 541910[0m in 1074.42s]
[0m04:32:34.181342 [debug] [Thread-1 (]: Finished running node seed.retail_dbt_project.online_retail_II
[0m04:32:34.189580 [debug] [MainThread]: On master: COMMIT
[0m04:32:34.191904 [debug] [MainThread]: Using postgres connection "master"
[0m04:32:34.193655 [debug] [MainThread]: On master: COMMIT
[0m04:32:34.195376 [debug] [MainThread]: Opening a new connection, currently in state closed
[0m04:32:34.200528 [debug] [MainThread]: SQL status: COMMIT in 0.005 seconds
[0m04:32:34.201960 [debug] [MainThread]: On master: Close
[0m04:32:34.203605 [debug] [MainThread]: Connection 'master' was properly closed.
[0m04:32:34.205218 [debug] [MainThread]: Connection 'list_retail_db_raw' was properly closed.
[0m04:32:34.206551 [debug] [MainThread]: Connection 'list_retail_db_raw_core' was properly closed.
[0m04:32:34.208337 [debug] [MainThread]: Connection 'seed.retail_dbt_project.online_retail_II' was properly closed.
[0m04:32:34.210069 [info ] [MainThread]: 
[0m04:32:34.212110 [info ] [MainThread]: Finished running 1 seed in 0 hours 17 minutes and 54.85 seconds (1074.85s).
[0m04:32:34.214274 [debug] [MainThread]: Command end result
[0m04:32:34.247013 [debug] [Thread-1 (]: Database Error in seed online_retail_II (seeds/online_retail_II.csv)
  duplicate key value violates unique constraint "pg_type_typname_nsp_index"
  DETAIL:  Key (typname, typnamespace)=(online_retail_II, 16994) already exists.
[0m04:32:34.251765 [debug] [Thread-1 (]: Sending event: {'category': 'dbt', 'action': 'run_model', 'label': '17e58317-7aba-447f-a28c-1e2fcc70becf', 'context': [<snowplow_tracker.self_describing_json.SelfDescribingJson object at 0x7f7f8e730a90>]}
[0m04:32:34.254282 [error] [Thread-1 (]: 1 of 1 ERROR loading seed file raw.online_retail_II ............................ [[31mERROR[0m in 1053.06s]
[0m04:32:34.256434 [debug] [Thread-1 (]: Finished running node seed.retail_dbt_project.online_retail_II
[0m04:32:34.258763 [debug] [Thread-7 (]: Marking all children of 'seed.retail_dbt_project.online_retail_II' to be skipped because of status 'error'.  Reason: Database Error in seed online_retail_II (seeds/online_retail_II.csv)
  duplicate key value violates unique constraint "pg_type_typname_nsp_index"
  DETAIL:  Key (typname, typnamespace)=(online_retail_II, 16994) already exists..
[0m04:32:34.263891 [debug] [MainThread]: On master: COMMIT
[0m04:32:34.266457 [debug] [MainThread]: Using postgres connection "master"
[0m04:32:34.268654 [debug] [MainThread]: On master: COMMIT
[0m04:32:34.270519 [debug] [MainThread]: Opening a new connection, currently in state closed
[0m04:32:34.271137 [debug] [Thread-1 (]: Database Error in seed online_retail_II (seeds/online_retail_II.csv)
  duplicate key value violates unique constraint "pg_type_typname_nsp_index"
  DETAIL:  Key (typname, typnamespace)=(online_retail_II, 16994) already exists.
[0m04:32:34.275424 [debug] [MainThread]: SQL status: COMMIT in 0.005 seconds
[0m04:32:34.275556 [debug] [Thread-1 (]: Sending event: {'category': 'dbt', 'action': 'run_model', 'label': 'd09a1820-19ee-4566-abd3-6390e6b805fd', 'context': [<snowplow_tracker.self_describing_json.SelfDescribingJson object at 0x7f1186f1caf0>]}
[0m04:32:34.276867 [debug] [MainThread]: On master: Close
[0m04:32:34.277236 [error] [Thread-1 (]: 1 of 1 ERROR loading seed file raw.online_retail_II ............................ [[31mERROR[0m in 1043.52s]
[0m04:32:34.278494 [debug] [MainThread]: Connection 'master' was properly closed.
[0m04:32:34.279053 [debug] [Thread-1 (]: Finished running node seed.retail_dbt_project.online_retail_II
[0m04:32:34.279447 [debug] [MainThread]: Connection 'list_retail_db_raw_core' was properly closed.
[0m04:32:34.281359 [debug] [MainThread]: Connection 'list_retail_db_raw' was properly closed.
[0m04:32:34.281803 [debug] [Thread-7 (]: Marking all children of 'seed.retail_dbt_project.online_retail_II' to be skipped because of status 'error'.  Reason: Database Error in seed online_retail_II (seeds/online_retail_II.csv)
  duplicate key value violates unique constraint "pg_type_typname_nsp_index"
  DETAIL:  Key (typname, typnamespace)=(online_retail_II, 16994) already exists..
[0m04:32:34.282882 [debug] [MainThread]: Connection 'seed.retail_dbt_project.online_retail_II' was properly closed.
[0m04:32:34.283995 [debug] [MainThread]: Wrote artifact WritableManifest to /opt/airflow/dbt_project/target/manifest.json
[0m04:32:34.284739 [info ] [MainThread]: 
[0m04:32:34.286576 [info ] [MainThread]: Finished running 1 seed in 0 hours 17 minutes and 33.28 seconds (1053.28s).
[0m04:32:34.286899 [debug] [MainThread]: On master: COMMIT
[0m04:32:34.288895 [debug] [MainThread]: Command end result
[0m04:32:34.288923 [debug] [MainThread]: Using postgres connection "master"
[0m04:32:34.290090 [debug] [MainThread]: On master: COMMIT
[0m04:32:34.291770 [debug] [MainThread]: Opening a new connection, currently in state closed
[0m04:32:34.293941 [debug] [MainThread]: Wrote artifact SemanticManifest to /opt/airflow/dbt_project/target/semantic_manifest.json
[0m04:32:34.296872 [debug] [MainThread]: SQL status: COMMIT in 0.005 seconds
[0m04:32:34.298846 [debug] [MainThread]: On master: Close
[0m04:32:34.301348 [debug] [MainThread]: Connection 'master' was properly closed.
[0m04:32:34.303518 [debug] [MainThread]: Connection 'list_retail_db_raw' was properly closed.
[0m04:32:34.305245 [debug] [MainThread]: Connection 'list_retail_db_raw_core' was properly closed.
[0m04:32:34.306490 [debug] [MainThread]: Connection 'seed.retail_dbt_project.online_retail_II' was properly closed.
[0m04:32:34.308644 [info ] [MainThread]: 
[0m04:32:34.310806 [info ] [MainThread]: Finished running 1 seed in 0 hours 17 minutes and 23.77 seconds (1043.77s).
[0m04:32:34.311129 [debug] [MainThread]: Wrote artifact RunExecutionResult to /opt/airflow/dbt_project/target/run_results.json
[0m04:32:34.313188 [info ] [MainThread]: 
[0m04:32:34.313973 [debug] [MainThread]: Command end result
[0m04:32:34.316462 [info ] [MainThread]: [32mCompleted successfully[0m
[0m04:32:34.318597 [info ] [MainThread]: 
[0m04:32:34.320784 [info ] [MainThread]: Done. PASS=1 WARN=0 ERROR=0 SKIP=0 NO-OP=0 TOTAL=1
[0m04:32:34.325198 [debug] [MainThread]: Resource report: {"command_name": "seed", "command_success": true, "command_wall_clock_time": 1077.7185, "process_in_blocks": "16", "process_kernel_time": 0.999822, "process_mem_max_rss": "896796", "process_out_blocks": "736", "process_user_time": 1072.7032}
[0m04:32:34.327387 [debug] [MainThread]: Command `dbt seed` succeeded at 04:32:34.327149 after 1077.72 seconds
[0m04:32:34.329837 [debug] [MainThread]: Sending event: {'category': 'dbt', 'action': 'invocation', 'label': 'end', 'context': [<snowplow_tracker.self_describing_json.SelfDescribingJson object at 0x7f46aadf7a60>, <snowplow_tracker.self_describing_json.SelfDescribingJson object at 0x7f46a75bee00>, <snowplow_tracker.self_describing_json.SelfDescribingJson object at 0x7f46ac06fe80>]}
[0m04:32:34.332765 [debug] [MainThread]: Flushing usage events
[0m04:32:34.370151 [debug] [MainThread]: Wrote artifact WritableManifest to /opt/airflow/dbt_project/target/manifest.json
[0m04:32:34.381440 [debug] [MainThread]: Wrote artifact SemanticManifest to /opt/airflow/dbt_project/target/semantic_manifest.json
[0m04:32:34.393442 [debug] [MainThread]: Wrote artifact WritableManifest to /opt/airflow/dbt_project/target/manifest.json
[0m04:32:34.399334 [debug] [MainThread]: Wrote artifact RunExecutionResult to /opt/airflow/dbt_project/target/run_results.json
[0m04:32:34.401872 [info ] [MainThread]: 
[0m04:32:34.404300 [info ] [MainThread]: [31mCompleted with 1 error, 0 partial successes, and 0 warnings:[0m
[0m04:32:34.404805 [debug] [MainThread]: Wrote artifact SemanticManifest to /opt/airflow/dbt_project/target/semantic_manifest.json
[0m04:32:34.407328 [info ] [MainThread]: 
[0m04:32:34.410379 [error] [MainThread]: [31mFailure in seed online_retail_II (seeds/online_retail_II.csv)[0m
[0m04:32:34.412494 [error] [MainThread]:   Database Error in seed online_retail_II (seeds/online_retail_II.csv)
  duplicate key value violates unique constraint "pg_type_typname_nsp_index"
  DETAIL:  Key (typname, typnamespace)=(online_retail_II, 16994) already exists.
[0m04:32:34.415008 [info ] [MainThread]: 
[0m04:32:34.417948 [info ] [MainThread]: Done. PASS=0 WARN=0 ERROR=1 SKIP=0 NO-OP=0 TOTAL=1
[0m04:32:34.422776 [debug] [MainThread]: Resource report: {"command_name": "seed", "command_success": false, "command_wall_clock_time": 1054.7902, "process_in_blocks": "392", "process_kernel_time": 2.65942, "process_mem_max_rss": "890864", "process_out_blocks": "0", "process_user_time": 30.90327}
[0m04:32:34.426903 [debug] [MainThread]: Command `dbt seed` failed at 04:32:34.426720 after 1054.80 seconds
[0m04:32:34.429255 [debug] [MainThread]: Sending event: {'category': 'dbt', 'action': 'invocation', 'label': 'end', 'context': [<snowplow_tracker.self_describing_json.SelfDescribingJson object at 0x7f7f91d3bc40>, <snowplow_tracker.self_describing_json.SelfDescribingJson object at 0x7f7f8e710130>, <snowplow_tracker.self_describing_json.SelfDescribingJson object at 0x7f7f9487c9d0>]}
[0m04:32:34.431416 [debug] [MainThread]: Wrote artifact RunExecutionResult to /opt/airflow/dbt_project/target/run_results.json
[0m04:32:34.431862 [debug] [MainThread]: Flushing usage events
[0m04:32:34.433662 [info ] [MainThread]: 
[0m04:32:34.436219 [info ] [MainThread]: [31mCompleted with 1 error, 0 partial successes, and 0 warnings:[0m
[0m04:32:34.439074 [info ] [MainThread]: 
[0m04:32:34.441489 [error] [MainThread]: [31mFailure in seed online_retail_II (seeds/online_retail_II.csv)[0m
[0m04:32:34.443936 [error] [MainThread]:   Database Error in seed online_retail_II (seeds/online_retail_II.csv)
  duplicate key value violates unique constraint "pg_type_typname_nsp_index"
  DETAIL:  Key (typname, typnamespace)=(online_retail_II, 16994) already exists.
[0m04:32:34.446691 [info ] [MainThread]: 
[0m04:32:34.448665 [info ] [MainThread]: Done. PASS=0 WARN=0 ERROR=1 SKIP=0 NO-OP=0 TOTAL=1
[0m04:32:34.451540 [debug] [MainThread]: Resource report: {"command_name": "seed", "command_success": false, "command_wall_clock_time": 1045.5361, "process_in_blocks": "280", "process_kernel_time": 2.429049, "process_mem_max_rss": "891348", "process_out_blocks": "0", "process_user_time": 33.37532}
[0m04:32:34.453625 [debug] [MainThread]: Command `dbt seed` failed at 04:32:34.453480 after 1045.54 seconds
[0m04:32:34.455719 [debug] [MainThread]: Sending event: {'category': 'dbt', 'action': 'invocation', 'label': 'end', 'context': [<snowplow_tracker.self_describing_json.SelfDescribingJson object at 0x7f118a7f3c40>, <snowplow_tracker.self_describing_json.SelfDescribingJson object at 0x7f1187308460>, <snowplow_tracker.self_describing_json.SelfDescribingJson object at 0x7f118d34a980>]}
[0m04:32:34.457497 [debug] [MainThread]: Flushing usage events
[0m04:32:34.804089 [debug] [MainThread]: An error was encountered while trying to flush usage events
[0m04:32:34.804248 [debug] [MainThread]: An error was encountered while trying to flush usage events
[0m04:32:34.809763 [debug] [MainThread]: An error was encountered while trying to flush usage events
